# JRE version: OpenJDK Runtime Environment (8.0_242) (build 1.8.0_242-release-1644-b3-6222593)
# Java VM: OpenJDK 64-Bit Server VM (25.242-b3-6222593 mixed mode linux-amd64 compressed oops)
Heap:
 PSYoungGen      total 264704K, used 248832K [0x00000000d5580000, 0x00000000efd80000, 0x0000000100000000)
  eden space 248832K, 100% used [0x00000000d5580000,0x00000000e4880000,0x00000000e4880000)
  from space 15872K, 0% used [0x00000000e4880000,0x00000000e4880000,0x00000000e5800000)
  to   space 15872K, 78% used [0x00000000eee00000,0x00000000efa1b320,0x00000000efd80000)
 ParOldGen       total 78848K, used 17038K [0x0000000080000000, 0x0000000084d00000, 0x00000000d5580000)
  object space 78848K, 21% used [0x0000000080000000,0x00000000810a3b48,0x0000000084d00000)
 Metaspace       used 52267K, capacity 54248K, committed 54312K, reserved 1095680K
  class space    used 6958K, capacity 7414K, committed 7464K, reserved 1048576K
GC Heap History (10 events):
Event: 2,527 GC heap after
Heap after GC invocations=5 (full 0):
 PSYoungGen      total 132096K, used 5100K [0x00000000d5580000, 0x00000000e6780000, 0x0000000100000000)
  eden space 126976K, 0% used [0x00000000d5580000,0x00000000d5580000,0x00000000dd180000)
  from space 5120K, 99% used [0x00000000dd180000,0x00000000dd67b028,0x00000000dd680000)
  to   space 13312K, 0% used [0x00000000e5a80000,0x00000000e5a80000,0x00000000e6780000)
 ParOldGen       total 84992K, used 11562K [0x0000000080000000, 0x0000000085300000, 0x00000000d5580000)
  object space 84992K, 13% used [0x0000000080000000,0x0000000080b4a8e8,0x0000000085300000)
 Metaspace       used 20563K, capacity 21258K, committed 21296K, reserved 1067008K
  class space    used 2888K, capacity 3091K, committed 3120K, reserved 1048576K
}
Event: 2,527 GC heap before
{Heap before GC invocations=6 (full 1):
 PSYoungGen      total 132096K, used 5100K [0x00000000d5580000, 0x00000000e6780000, 0x0000000100000000)
  eden space 126976K, 0% used [0x00000000d5580000,0x00000000d5580000,0x00000000dd180000)
  from space 5120K, 99% used [0x00000000dd180000,0x00000000dd67b028,0x00000000dd680000)
  to   space 13312K, 0% used [0x00000000e5a80000,0x00000000e5a80000,0x00000000e6780000)
 ParOldGen       total 84992K, used 11562K [0x0000000080000000, 0x0000000085300000, 0x00000000d5580000)
  object space 84992K, 13% used [0x0000000080000000,0x0000000080b4a8e8,0x0000000085300000)
 Metaspace       used 20563K, capacity 21258K, committed 21296K, reserved 1067008K
  class space    used 2888K, capacity 3091K, committed 3120K, reserved 1048576K
Event: 2,575 GC heap after
Heap after GC invocations=6 (full 1):
 PSYoungGen      total 132096K, used 0K [0x00000000d5580000, 0x00000000e6780000, 0x0000000100000000)
  eden space 126976K, 0% used [0x00000000d5580000,0x00000000d5580000,0x00000000dd180000)
  from space 5120K, 0% used [0x00000000dd180000,0x00000000dd180000,0x00000000dd680000)
  to   space 13312K, 0% used [0x00000000e5a80000,0x00000000e5a80000,0x00000000e6780000)
 ParOldGen       total 53248K, used 7582K [0x0000000080000000, 0x0000000083400000, 0x00000000d5580000)
  object space 53248K, 14% used [0x0000000080000000,0x0000000080767940,0x0000000083400000)
 Metaspace       used 20563K, capacity 21258K, committed 21296K, reserved 1067008K
  class space    used 2888K, capacity 3091K, committed 3120K, reserved 1048576K
}
Event: 4,071 GC heap before
{Heap before GC invocations=7 (full 1):
 PSYoungGen      total 132096K, used 126976K [0x00000000d5580000, 0x00000000e6780000, 0x0000000100000000)
  eden space 126976K, 100% used [0x00000000d5580000,0x00000000dd180000,0x00000000dd180000)
  from space 5120K, 0% used [0x00000000dd180000,0x00000000dd180000,0x00000000dd680000)
  to   space 13312K, 0% used [0x00000000e5a80000,0x00000000e5a80000,0x00000000e6780000)
 ParOldGen       total 53248K, used 7582K [0x0000000080000000, 0x0000000083400000, 0x00000000d5580000)
  object space 53248K, 14% used [0x0000000080000000,0x0000000080767940,0x0000000083400000)
 Metaspace       used 32112K, capacity 33162K, committed 33328K, reserved 1077248K
  class space    used 4338K, capacity 4598K, committed 4656K, reserved 1048576K
Event: 4,092 GC heap after
Heap after GC invocations=7 (full 1):
 PSYoungGen      total 241664K, used 13102K [0x00000000d5580000, 0x00000000e6780000, 0x0000000100000000)
  eden space 228352K, 0% used [0x00000000d5580000,0x00000000d5580000,0x00000000e3480000)
  from space 13312K, 98% used [0x00000000e5a80000,0x00000000e674b920,0x00000000e6780000)
  to   space 15872K, 0% used [0x00000000e4880000,0x00000000e4880000,0x00000000e5800000)
 ParOldGen       total 53248K, used 7590K [0x0000000080000000, 0x0000000083400000, 0x00000000d5580000)
  object space 53248K, 14% used [0x0000000080000000,0x0000000080769940,0x0000000083400000)
 Metaspace       used 32112K, capacity 33162K, committed 33328K, reserved 1077248K
  class space    used 4338K, capacity 4598K, committed 4656K, reserved 1048576K
}
Event: 4,604 GC heap before
{Heap before GC invocations=8 (full 1):
 PSYoungGen      total 241664K, used 58683K [0x00000000d5580000, 0x00000000e6780000, 0x0000000100000000)
  eden space 228352K, 19% used [0x00000000d5580000,0x00000000d82034a0,0x00000000e3480000)
  from space 13312K, 98% used [0x00000000e5a80000,0x00000000e674b920,0x00000000e6780000)
  to   space 15872K, 0% used [0x00000000e4880000,0x00000000e4880000,0x00000000e5800000)
 ParOldGen       total 53248K, used 7590K [0x0000000080000000, 0x0000000083400000, 0x00000000d5580000)
  object space 53248K, 14% used [0x0000000080000000,0x0000000080769940,0x0000000083400000)
 Metaspace       used 34356K, capacity 35362K, committed 35496K, reserved 1079296K
  class space    used 4659K, capacity 4940K, committed 5032K, reserved 1048576K
Event: 4,616 GC heap after
Heap after GC invocations=8 (full 1):
 PSYoungGen      total 264704K, used 9859K [0x00000000d5580000, 0x00000000efd80000, 0x0000000100000000)
  eden space 248832K, 0% used [0x00000000d5580000,0x00000000d5580000,0x00000000e4880000)
  from space 15872K, 62% used [0x00000000e4880000,0x00000000e5220ed0,0x00000000e5800000)
  to   space 15872K, 0% used [0x00000000eee00000,0x00000000eee00000,0x00000000efd80000)
 ParOldGen       total 53248K, used 7598K [0x0000000080000000, 0x0000000083400000, 0x00000000d5580000)
  object space 53248K, 14% used [0x0000000080000000,0x000000008076b940,0x0000000083400000)
 Metaspace       used 34356K, capacity 35362K, committed 35496K, reserved 1079296K
  class space    used 4659K, capacity 4940K, committed 5032K, reserved 1048576K
}
Event: 4,616 GC heap before
{Heap before GC invocations=9 (full 2):
 PSYoungGen      total 264704K, used 9859K [0x00000000d5580000, 0x00000000efd80000, 0x0000000100000000)
  eden space 248832K, 0% used [0x00000000d5580000,0x00000000d5580000,0x00000000e4880000)
  from space 15872K, 62% used [0x00000000e4880000,0x00000000e5220ed0,0x00000000e5800000)
  to   space 15872K, 0% used [0x00000000eee00000,0x00000000eee00000,0x00000000efd80000)
 ParOldGen       total 53248K, used 7598K [0x0000000080000000, 0x0000000083400000, 0x00000000d5580000)
  object space 53248K, 14% used [0x0000000080000000,0x000000008076b940,0x0000000083400000)
 Metaspace       used 34356K, capacity 35362K, committed 35496K, reserved 1079296K
  class space    used 4659K, capacity 4940K, committed 5032K, reserved 1048576K
Event: 4,786 GC heap after
Heap after GC invocations=9 (full 2):
 PSYoungGen      total 264704K, used 0K [0x00000000d5580000, 0x00000000efd80000, 0x0000000100000000)
  eden space 248832K, 0% used [0x00000000d5580000,0x00000000d5580000,0x00000000e4880000)
  from space 15872K, 0% used [0x00000000e4880000,0x00000000e4880000,0x00000000e5800000)
  to   space 15872K, 0% used [0x00000000eee00000,0x00000000eee00000,0x00000000efd80000)
 ParOldGen       total 78848K, used 17030K [0x0000000080000000, 0x0000000084d00000, 0x00000000d5580000)
  object space 78848K, 21% used [0x0000000080000000,0x00000000810a1b48,0x0000000084d00000)
 Metaspace       used 34356K, capacity 35362K, committed 35496K, reserved 1079296K
  class space    used 4659K, capacity 4940K, committed 5032K, reserved 1048576K
}
Event: 9,308 GC heap before
{Heap before GC invocations=10 (full 2):
 PSYoungGen      total 264704K, used 248832K [0x00000000d5580000, 0x00000000efd80000, 0x0000000100000000)
  eden space 248832K, 100% used [0x00000000d5580000,0x00000000e4880000,0x00000000e4880000)
  from space 15872K, 0% used [0x00000000e4880000,0x00000000e4880000,0x00000000e5800000)
  to   space 15872K, 0% used [0x00000000eee00000,0x00000000eee00000,0x00000000efd80000)
 ParOldGen       total 78848K, used 17030K [0x0000000080000000, 0x0000000084d00000, 0x00000000d5580000)
  object space 78848K, 21% used [0x0000000080000000,0x00000000810a1b48,0x0000000084d00000)
 Metaspace       used 52267K, capacity 54248K, committed 54312K, reserved 1095680K
  class space    used 6958K, capacity 7414K, committed 7464K, reserved 1048576K

