# JRE version: OpenJDK Runtime Environment (8.0_242) (build 1.8.0_242-release-1644-b3-6222593)
# Java VM: OpenJDK 64-Bit Server VM (25.242-b3-6222593 mixed mode linux-amd64 compressed oops)
Heap:
 PSYoungGen      total 68608K, used 63488K [0x00000000d7100000, 0x00000000df700000, 0x0000000100000000)
  eden space 63488K, 100% used [0x00000000d7100000,0x00000000daf00000,0x00000000daf00000)
  from space 5120K, 0% used [0x00000000daf00000,0x00000000daf00000,0x00000000db400000)
  to   space 5120K, 99% used [0x00000000df200000,0x00000000df6f8580,0x00000000df700000)
 ParOldGen       total 61440K, used 19727K [0x0000000085200000, 0x0000000088e00000, 0x00000000d7100000)
  object space 61440K, 32% used [0x0000000085200000,0x0000000086543e38,0x0000000088e00000)
 Metaspace       used 29124K, capacity 29609K, committed 29872K, reserved 1075200K
  class space    used 3540K, capacity 3702K, committed 3760K, reserved 1048576K
GC Heap History (9 events):
Event: 1,123 GC heap before
{Heap before GC invocations=1 (full 0):
 PSYoungGen      total 36864K, used 31744K [0x00000000d7100000, 0x00000000d9a00000, 0x0000000100000000)
  eden space 31744K, 100% used [0x00000000d7100000,0x00000000d9000000,0x00000000d9000000)
  from space 5120K, 0% used [0x00000000d9500000,0x00000000d9500000,0x00000000d9a00000)
  to   space 5120K, 0% used [0x00000000d9000000,0x00000000d9000000,0x00000000d9500000)
 ParOldGen       total 84992K, used 0K [0x0000000085200000, 0x000000008a500000, 0x00000000d7100000)
  object space 84992K, 0% used [0x0000000085200000,0x0000000085200000,0x000000008a500000)
 Metaspace       used 10231K, capacity 10428K, committed 10752K, reserved 1058816K
  class space    used 1116K, capacity 1180K, committed 1280K, reserved 1048576K
Event: 1,140 GC heap after
Heap after GC invocations=1 (full 0):
 PSYoungGen      total 36864K, used 5095K [0x00000000d7100000, 0x00000000db900000, 0x0000000100000000)
  eden space 31744K, 0% used [0x00000000d7100000,0x00000000d7100000,0x00000000d9000000)
  from space 5120K, 99% used [0x00000000d9000000,0x00000000d94f9c78,0x00000000d9500000)
  to   space 5120K, 0% used [0x00000000db400000,0x00000000db400000,0x00000000db900000)
 ParOldGen       total 84992K, used 2482K [0x0000000085200000, 0x000000008a500000, 0x00000000d7100000)
  object space 84992K, 2% used [0x0000000085200000,0x000000008546c928,0x000000008a500000)
 Metaspace       used 10231K, capacity 10428K, committed 10752K, reserved 1058816K
  class space    used 1116K, capacity 1180K, committed 1280K, reserved 1048576K
}
Event: 2,052 GC heap before
{Heap before GC invocations=2 (full 0):
 PSYoungGen      total 36864K, used 36839K [0x00000000d7100000, 0x00000000db900000, 0x0000000100000000)
  eden space 31744K, 100% used [0x00000000d7100000,0x00000000d9000000,0x00000000d9000000)
  from space 5120K, 99% used [0x00000000d9000000,0x00000000d94f9c78,0x00000000d9500000)
  to   space 5120K, 0% used [0x00000000db400000,0x00000000db400000,0x00000000db900000)
 ParOldGen       total 84992K, used 2482K [0x0000000085200000, 0x000000008a500000, 0x00000000d7100000)
  object space 84992K, 2% used [0x0000000085200000,0x000000008546c928,0x000000008a500000)
 Metaspace       used 15727K, capacity 16098K, committed 16384K, reserved 1062912K
  class space    used 1838K, capacity 1945K, committed 2048K, reserved 1048576K
Event: 2,078 GC heap after
Heap after GC invocations=2 (full 0):
 PSYoungGen      total 68608K, used 5109K [0x00000000d7100000, 0x00000000db900000, 0x0000000100000000)
  eden space 63488K, 0% used [0x00000000d7100000,0x00000000d7100000,0x00000000daf00000)
  from space 5120K, 99% used [0x00000000db400000,0x00000000db8fd468,0x00000000db900000)
  to   space 5120K, 0% used [0x00000000daf00000,0x00000000daf00000,0x00000000db400000)
 ParOldGen       total 84992K, used 7311K [0x0000000085200000, 0x000000008a500000, 0x00000000d7100000)
  object space 84992K, 8% used [0x0000000085200000,0x0000000085923ee0,0x000000008a500000)
 Metaspace       used 15727K, capacity 16098K, committed 16384K, reserved 1062912K
  class space    used 1838K, capacity 1945K, committed 2048K, reserved 1048576K
}
Event: 2,593 GC heap before
{Heap before GC invocations=3 (full 0):
 PSYoungGen      total 68608K, used 25839K [0x00000000d7100000, 0x00000000db900000, 0x0000000100000000)
  eden space 63488K, 32% used [0x00000000d7100000,0x00000000d853e970,0x00000000daf00000)
  from space 5120K, 99% used [0x00000000db400000,0x00000000db8fd468,0x00000000db900000)
  to   space 5120K, 0% used [0x00000000daf00000,0x00000000daf00000,0x00000000db400000)
 ParOldGen       total 84992K, used 7311K [0x0000000085200000, 0x000000008a500000, 0x00000000d7100000)
  object space 84992K, 8% used [0x0000000085200000,0x0000000085923ee0,0x000000008a500000)
 Metaspace       used 20829K, capacity 21236K, committed 21296K, reserved 1069056K
  class space    used 2455K, capacity 2590K, committed 2608K, reserved 1048576K
Event: 2,628 GC heap after
Heap after GC invocations=3 (full 0):
 PSYoungGen      total 68608K, used 5088K [0x00000000d7100000, 0x00000000df700000, 0x0000000100000000)
  eden space 63488K, 0% used [0x00000000d7100000,0x00000000d7100000,0x00000000daf00000)
  from space 5120K, 99% used [0x00000000daf00000,0x00000000db3f8030,0x00000000db400000)
  to   space 5120K, 0% used [0x00000000df200000,0x00000000df200000,0x00000000df700000)
 ParOldGen       total 84992K, used 11764K [0x0000000085200000, 0x000000008a500000, 0x00000000d7100000)
  object space 84992K, 13% used [0x0000000085200000,0x0000000085d7d330,0x000000008a500000)
 Metaspace       used 20829K, capacity 21236K, committed 21296K, reserved 1069056K
  class space    used 2455K, capacity 2590K, committed 2608K, reserved 1048576K
}
Event: 2,628 GC heap before
{Heap before GC invocations=4 (full 1):
 PSYoungGen      total 68608K, used 5088K [0x00000000d7100000, 0x00000000df700000, 0x0000000100000000)
  eden space 63488K, 0% used [0x00000000d7100000,0x00000000d7100000,0x00000000daf00000)
  from space 5120K, 99% used [0x00000000daf00000,0x00000000db3f8030,0x00000000db400000)
  to   space 5120K, 0% used [0x00000000df200000,0x00000000df200000,0x00000000df700000)
 ParOldGen       total 84992K, used 11764K [0x0000000085200000, 0x000000008a500000, 0x00000000d7100000)
  object space 84992K, 13% used [0x0000000085200000,0x0000000085d7d330,0x000000008a500000)
 Metaspace       used 20829K, capacity 21236K, committed 21296K, reserved 1069056K
  class space    used 2455K, capacity 2590K, committed 2608K, reserved 1048576K
Event: 2,705 GC heap after
Heap after GC invocations=4 (full 1):
 PSYoungGen      total 68608K, used 0K [0x00000000d7100000, 0x00000000df700000, 0x0000000100000000)
  eden space 63488K, 0% used [0x00000000d7100000,0x00000000d7100000,0x00000000daf00000)
  from space 5120K, 0% used [0x00000000daf00000,0x00000000daf00000,0x00000000db400000)
  to   space 5120K, 0% used [0x00000000df200000,0x00000000df200000,0x00000000df700000)
 ParOldGen       total 61440K, used 9308K [0x0000000085200000, 0x0000000088e00000, 0x00000000d7100000)
  object space 61440K, 15% used [0x0000000085200000,0x0000000085b17288,0x0000000088e00000)
 Metaspace       used 20829K, capacity 21236K, committed 21296K, reserved 1069056K
  class space    used 2455K, capacity 2590K, committed 2608K, reserved 1048576K
}
Event: 4,233 GC heap before
{Heap before GC invocations=5 (full 1):
 PSYoungGen      total 68608K, used 63488K [0x00000000d7100000, 0x00000000df700000, 0x0000000100000000)
  eden space 63488K, 100% used [0x00000000d7100000,0x00000000daf00000,0x00000000daf00000)
  from space 5120K, 0% used [0x00000000daf00000,0x00000000daf00000,0x00000000db400000)
  to   space 5120K, 0% used [0x00000000df200000,0x00000000df200000,0x00000000df700000)
 ParOldGen       total 61440K, used 9308K [0x0000000085200000, 0x0000000088e00000, 0x00000000d7100000)
  object space 61440K, 15% used [0x0000000085200000,0x0000000085b17288,0x0000000088e00000)
 Metaspace       used 29124K, capacity 29609K, committed 29872K, reserved 1075200K
  class space    used 3540K, capacity 3702K, committed 3760K, reserved 1048576K

