# JRE version: OpenJDK Runtime Environment (8.0_242) (build 1.8.0_242-release-1644-b3-6222593)
# Java VM: OpenJDK 64-Bit Server VM (25.242-b3-6222593 mixed mode linux-amd64 compressed oops)
Heap:
 PSYoungGen      total 265216K, used 16839K [0x00000000d5580000, 0x00000000f3980000, 0x0000000100000000)
  eden space 249856K, 6% used [0x00000000d5580000,0x00000000d65f1dd0,0x00000000e4980000)
  from space 15360K, 0% used [0x00000000e4980000,0x00000000e4980000,0x00000000e5880000)
  to   space 15360K, 0% used [0x00000000f2a80000,0x00000000f2a80000,0x00000000f3980000)
 ParOldGen       total 64000K, used 16606K [0x0000000080000000, 0x0000000083e80000, 0x00000000d5580000)
  object space 64000K, 25% used [0x0000000080000000,0x0000000081037a58,0x0000000083e80000)
 Metaspace       used 34878K, capacity 36080K, committed 36400K, reserved 1081344K
  class space    used 4766K, capacity 5082K, committed 5168K, reserved 1048576K
GC Heap History (10 events):
Event: 7,042 GC heap before
{Heap before GC invocations=5 (full 0):
 PSYoungGen      total 132096K, used 7489K [0x00000000d5580000, 0x00000000ddb80000, 0x0000000100000000)
  eden space 126976K, 1% used [0x00000000d5580000,0x00000000d57d3678,0x00000000dd180000)
  from space 5120K, 99% used [0x00000000dd680000,0x00000000ddb7d050,0x00000000ddb80000)
  to   space 5120K, 0% used [0x00000000dd180000,0x00000000dd180000,0x00000000dd680000)
 ParOldGen       total 84992K, used 11055K [0x0000000080000000, 0x0000000085300000, 0x00000000d5580000)
  object space 84992K, 13% used [0x0000000080000000,0x0000000080acbff8,0x0000000085300000)
 Metaspace       used 20485K, capacity 21216K, committed 21296K, reserved 1067008K
  class space    used 2878K, capacity 3092K, committed 3120K, reserved 1048576K
Event: 7,069 GC heap after
Heap after GC invocations=5 (full 0):
 PSYoungGen      total 132096K, used 5108K [0x00000000d5580000, 0x00000000e6780000, 0x0000000100000000)
  eden space 126976K, 0% used [0x00000000d5580000,0x00000000d5580000,0x00000000dd180000)
  from space 5120K, 99% used [0x00000000dd180000,0x00000000dd67d050,0x00000000dd680000)
  to   space 13312K, 0% used [0x00000000e5a80000,0x00000000e5a80000,0x00000000e6780000)
 ParOldGen       total 84992K, used 11087K [0x0000000080000000, 0x0000000085300000, 0x00000000d5580000)
  object space 84992K, 13% used [0x0000000080000000,0x0000000080ad3e80,0x0000000085300000)
 Metaspace       used 20485K, capacity 21216K, committed 21296K, reserved 1067008K
  class space    used 2878K, capacity 3092K, committed 3120K, reserved 1048576K
}
Event: 7,069 GC heap before
{Heap before GC invocations=6 (full 1):
 PSYoungGen      total 132096K, used 5108K [0x00000000d5580000, 0x00000000e6780000, 0x0000000100000000)
  eden space 126976K, 0% used [0x00000000d5580000,0x00000000d5580000,0x00000000dd180000)
  from space 5120K, 99% used [0x00000000dd180000,0x00000000dd67d050,0x00000000dd680000)
  to   space 13312K, 0% used [0x00000000e5a80000,0x00000000e5a80000,0x00000000e6780000)
 ParOldGen       total 84992K, used 11087K [0x0000000080000000, 0x0000000085300000, 0x00000000d5580000)
  object space 84992K, 13% used [0x0000000080000000,0x0000000080ad3e80,0x0000000085300000)
 Metaspace       used 20485K, capacity 21216K, committed 21296K, reserved 1067008K
  class space    used 2878K, capacity 3092K, committed 3120K, reserved 1048576K
Event: 7,173 GC heap after
Heap after GC invocations=6 (full 1):
 PSYoungGen      total 132096K, used 0K [0x00000000d5580000, 0x00000000e6780000, 0x0000000100000000)
  eden space 126976K, 0% used [0x00000000d5580000,0x00000000d5580000,0x00000000dd180000)
  from space 5120K, 0% used [0x00000000dd180000,0x00000000dd180000,0x00000000dd680000)
  to   space 13312K, 0% used [0x00000000e5a80000,0x00000000e5a80000,0x00000000e6780000)
 ParOldGen       total 51200K, used 9677K [0x0000000080000000, 0x0000000083200000, 0x00000000d5580000)
  object space 51200K, 18% used [0x0000000080000000,0x00000000809734c8,0x0000000083200000)
 Metaspace       used 20485K, capacity 21216K, committed 21296K, reserved 1067008K
  class space    used 2878K, capacity 3092K, committed 3120K, reserved 1048576K
}
Event: 10,362 GC heap before
{Heap before GC invocations=7 (full 1):
 PSYoungGen      total 132096K, used 126976K [0x00000000d5580000, 0x00000000e6780000, 0x0000000100000000)
  eden space 126976K, 100% used [0x00000000d5580000,0x00000000dd180000,0x00000000dd180000)
  from space 5120K, 0% used [0x00000000dd180000,0x00000000dd180000,0x00000000dd680000)
  to   space 13312K, 0% used [0x00000000e5a80000,0x00000000e5a80000,0x00000000e6780000)
 ParOldGen       total 51200K, used 9677K [0x0000000080000000, 0x0000000083200000, 0x00000000d5580000)
  object space 51200K, 18% used [0x0000000080000000,0x00000000809734c8,0x0000000083200000)
 Metaspace       used 32106K, capacity 33112K, committed 33456K, reserved 1077248K
  class space    used 4348K, capacity 4663K, committed 4784K, reserved 1048576K
Event: 10,399 GC heap after
Heap after GC invocations=7 (full 1):
 PSYoungGen      total 257536K, used 13020K [0x00000000d5580000, 0x00000000e6780000, 0x0000000100000000)
  eden space 244224K, 0% used [0x00000000d5580000,0x00000000d5580000,0x00000000e4400000)
  from space 13312K, 97% used [0x00000000e5a80000,0x00000000e6737328,0x00000000e6780000)
  to   space 15360K, 0% used [0x00000000e4980000,0x00000000e4980000,0x00000000e5880000)
 ParOldGen       total 51200K, used 9685K [0x0000000080000000, 0x0000000083200000, 0x00000000d5580000)
  object space 51200K, 18% used [0x0000000080000000,0x00000000809754c8,0x0000000083200000)
 Metaspace       used 32106K, capacity 33112K, committed 33456K, reserved 1077248K
  class space    used 4348K, capacity 4663K, committed 4784K, reserved 1048576K
}
Event: 11,502 GC heap before
{Heap before GC invocations=8 (full 1):
 PSYoungGen      total 257536K, used 57207K [0x00000000d5580000, 0x00000000e6780000, 0x0000000100000000)
  eden space 244224K, 18% used [0x00000000d5580000,0x00000000d80a6a78,0x00000000e4400000)
  from space 13312K, 97% used [0x00000000e5a80000,0x00000000e6737328,0x00000000e6780000)
  to   space 15360K, 0% used [0x00000000e4980000,0x00000000e4980000,0x00000000e5880000)
 ParOldGen       total 51200K, used 9685K [0x0000000080000000, 0x0000000083200000, 0x00000000d5580000)
  object space 51200K, 18% used [0x0000000080000000,0x00000000809754c8,0x0000000083200000)
 Metaspace       used 34387K, capacity 35416K, committed 35496K, reserved 1079296K
  class space    used 4671K, capacity 4973K, committed 5040K, reserved 1048576K
Event: 11,535 GC heap after
Heap after GC invocations=8 (full 1):
 PSYoungGen      total 265216K, used 9802K [0x00000000d5580000, 0x00000000f3980000, 0x0000000100000000)
  eden space 249856K, 0% used [0x00000000d5580000,0x00000000d5580000,0x00000000e4980000)
  from space 15360K, 63% used [0x00000000e4980000,0x00000000e5312930,0x00000000e5880000)
  to   space 15360K, 0% used [0x00000000f2a80000,0x00000000f2a80000,0x00000000f3980000)
 ParOldGen       total 51200K, used 9693K [0x0000000080000000, 0x0000000083200000, 0x00000000d5580000)
  object space 51200K, 18% used [0x0000000080000000,0x00000000809774c8,0x0000000083200000)
 Metaspace       used 34387K, capacity 35416K, committed 35496K, reserved 1079296K
  class space    used 4671K, capacity 4973K, committed 5040K, reserved 1048576K
}
Event: 11,535 GC heap before
{Heap before GC invocations=9 (full 2):
 PSYoungGen      total 265216K, used 9802K [0x00000000d5580000, 0x00000000f3980000, 0x0000000100000000)
  eden space 249856K, 0% used [0x00000000d5580000,0x00000000d5580000,0x00000000e4980000)
  from space 15360K, 63% used [0x00000000e4980000,0x00000000e5312930,0x00000000e5880000)
  to   space 15360K, 0% used [0x00000000f2a80000,0x00000000f2a80000,0x00000000f3980000)
 ParOldGen       total 51200K, used 9693K [0x0000000080000000, 0x0000000083200000, 0x00000000d5580000)
  object space 51200K, 18% used [0x0000000080000000,0x00000000809774c8,0x0000000083200000)
 Metaspace       used 34387K, capacity 35416K, committed 35496K, reserved 1079296K
  class space    used 4671K, capacity 4973K, committed 5040K, reserved 1048576K
Event: 11,762 GC heap after
Heap after GC invocations=9 (full 2):
 PSYoungGen      total 265216K, used 0K [0x00000000d5580000, 0x00000000f3980000, 0x0000000100000000)
  eden space 249856K, 0% used [0x00000000d5580000,0x00000000d5580000,0x00000000e4980000)
  from space 15360K, 0% used [0x00000000e4980000,0x00000000e4980000,0x00000000e5880000)
  to   space 15360K, 0% used [0x00000000f2a80000,0x00000000f2a80000,0x00000000f3980000)
 ParOldGen       total 64000K, used 16606K [0x0000000080000000, 0x0000000083e80000, 0x00000000d5580000)
  object space 64000K, 25% used [0x0000000080000000,0x0000000081037a58,0x0000000083e80000)
 Metaspace       used 34387K, capacity 35416K, committed 35496K, reserved 1079296K
  class space    used 4671K, capacity 4973K, committed 5040K, reserved 1048576K
}

