# JRE version: OpenJDK Runtime Environment (8.0_242) (build 1.8.0_242-release-1644-b3-6222593)
# Java VM: OpenJDK 64-Bit Server VM (25.242-b3-6222593 mixed mode linux-amd64 compressed oops)
Heap:
 PSYoungGen      total 68608K, used 63488K [0x00000000d7100000, 0x00000000df700000, 0x0000000100000000)
  eden space 63488K, 100% used [0x00000000d7100000,0x00000000daf00000,0x00000000daf00000)
  from space 5120K, 0% used [0x00000000daf00000,0x00000000daf00000,0x00000000db400000)
  to   space 5120K, 99% used [0x00000000df200000,0x00000000df6f8c70,0x00000000df700000)
 ParOldGen       total 64512K, used 19168K [0x0000000085200000, 0x0000000089100000, 0x00000000d7100000)
  object space 64512K, 29% used [0x0000000085200000,0x00000000864b8068,0x0000000089100000)
 Metaspace       used 28828K, capacity 29317K, committed 29568K, reserved 1075200K
  class space    used 3509K, capacity 3670K, committed 3712K, reserved 1048576K
GC Heap History (9 events):
Event: 1,052 GC heap before
{Heap before GC invocations=1 (full 0):
 PSYoungGen      total 36864K, used 31744K [0x00000000d7100000, 0x00000000d9a00000, 0x0000000100000000)
  eden space 31744K, 100% used [0x00000000d7100000,0x00000000d9000000,0x00000000d9000000)
  from space 5120K, 0% used [0x00000000d9500000,0x00000000d9500000,0x00000000d9a00000)
  to   space 5120K, 0% used [0x00000000d9000000,0x00000000d9000000,0x00000000d9500000)
 ParOldGen       total 84992K, used 0K [0x0000000085200000, 0x000000008a500000, 0x00000000d7100000)
  object space 84992K, 0% used [0x0000000085200000,0x0000000085200000,0x000000008a500000)
 Metaspace       used 10245K, capacity 10428K, committed 10752K, reserved 1058816K
  class space    used 1116K, capacity 1180K, committed 1280K, reserved 1048576K
Event: 1,071 GC heap after
Heap after GC invocations=1 (full 0):
 PSYoungGen      total 36864K, used 5097K [0x00000000d7100000, 0x00000000db900000, 0x0000000100000000)
  eden space 31744K, 0% used [0x00000000d7100000,0x00000000d7100000,0x00000000d9000000)
  from space 5120K, 99% used [0x00000000d9000000,0x00000000d94fa760,0x00000000d9500000)
  to   space 5120K, 0% used [0x00000000db400000,0x00000000db400000,0x00000000db900000)
 ParOldGen       total 84992K, used 2458K [0x0000000085200000, 0x000000008a500000, 0x00000000d7100000)
  object space 84992K, 2% used [0x0000000085200000,0x0000000085466b88,0x000000008a500000)
 Metaspace       used 10245K, capacity 10428K, committed 10752K, reserved 1058816K
  class space    used 1116K, capacity 1180K, committed 1280K, reserved 1048576K
}
Event: 1,933 GC heap before
{Heap before GC invocations=2 (full 0):
 PSYoungGen      total 36864K, used 36841K [0x00000000d7100000, 0x00000000db900000, 0x0000000100000000)
  eden space 31744K, 100% used [0x00000000d7100000,0x00000000d9000000,0x00000000d9000000)
  from space 5120K, 99% used [0x00000000d9000000,0x00000000d94fa760,0x00000000d9500000)
  to   space 5120K, 0% used [0x00000000db400000,0x00000000db400000,0x00000000db900000)
 ParOldGen       total 84992K, used 2458K [0x0000000085200000, 0x000000008a500000, 0x00000000d7100000)
  object space 84992K, 2% used [0x0000000085200000,0x0000000085466b88,0x000000008a500000)
 Metaspace       used 15703K, capacity 16034K, committed 16384K, reserved 1062912K
  class space    used 1838K, capacity 1945K, committed 2048K, reserved 1048576K
Event: 1,970 GC heap after
Heap after GC invocations=2 (full 0):
 PSYoungGen      total 68608K, used 5109K [0x00000000d7100000, 0x00000000db900000, 0x0000000100000000)
  eden space 63488K, 0% used [0x00000000d7100000,0x00000000d7100000,0x00000000daf00000)
  from space 5120K, 99% used [0x00000000db400000,0x00000000db8fd468,0x00000000db900000)
  to   space 5120K, 0% used [0x00000000daf00000,0x00000000daf00000,0x00000000db400000)
 ParOldGen       total 84992K, used 7291K [0x0000000085200000, 0x000000008a500000, 0x00000000d7100000)
  object space 84992K, 8% used [0x0000000085200000,0x000000008591ec60,0x000000008a500000)
 Metaspace       used 15703K, capacity 16034K, committed 16384K, reserved 1062912K
  class space    used 1838K, capacity 1945K, committed 2048K, reserved 1048576K
}
Event: 2,468 GC heap before
{Heap before GC invocations=3 (full 0):
 PSYoungGen      total 68608K, used 25844K [0x00000000d7100000, 0x00000000db900000, 0x0000000100000000)
  eden space 63488K, 32% used [0x00000000d7100000,0x00000000d853ff40,0x00000000daf00000)
  from space 5120K, 99% used [0x00000000db400000,0x00000000db8fd468,0x00000000db900000)
  to   space 5120K, 0% used [0x00000000daf00000,0x00000000daf00000,0x00000000db400000)
 ParOldGen       total 84992K, used 7291K [0x0000000085200000, 0x000000008a500000, 0x00000000d7100000)
  object space 84992K, 8% used [0x0000000085200000,0x000000008591ec60,0x000000008a500000)
 Metaspace       used 20687K, capacity 21100K, committed 21296K, reserved 1069056K
  class space    used 2441K, capacity 2590K, committed 2688K, reserved 1048576K
Event: 2,490 GC heap after
Heap after GC invocations=3 (full 0):
 PSYoungGen      total 68608K, used 5093K [0x00000000d7100000, 0x00000000df700000, 0x0000000100000000)
  eden space 63488K, 0% used [0x00000000d7100000,0x00000000d7100000,0x00000000daf00000)
  from space 5120K, 99% used [0x00000000daf00000,0x00000000db3f9488,0x00000000db400000)
  to   space 5120K, 0% used [0x00000000df200000,0x00000000df200000,0x00000000df700000)
 ParOldGen       total 84992K, used 11694K [0x0000000085200000, 0x000000008a500000, 0x00000000d7100000)
  object space 84992K, 13% used [0x0000000085200000,0x0000000085d6b868,0x000000008a500000)
 Metaspace       used 20687K, capacity 21100K, committed 21296K, reserved 1069056K
  class space    used 2441K, capacity 2590K, committed 2688K, reserved 1048576K
}
Event: 2,490 GC heap before
{Heap before GC invocations=4 (full 1):
 PSYoungGen      total 68608K, used 5093K [0x00000000d7100000, 0x00000000df700000, 0x0000000100000000)
  eden space 63488K, 0% used [0x00000000d7100000,0x00000000d7100000,0x00000000daf00000)
  from space 5120K, 99% used [0x00000000daf00000,0x00000000db3f9488,0x00000000db400000)
  to   space 5120K, 0% used [0x00000000df200000,0x00000000df200000,0x00000000df700000)
 ParOldGen       total 84992K, used 11694K [0x0000000085200000, 0x000000008a500000, 0x00000000d7100000)
  object space 84992K, 13% used [0x0000000085200000,0x0000000085d6b868,0x000000008a500000)
 Metaspace       used 20687K, capacity 21100K, committed 21296K, reserved 1069056K
  class space    used 2441K, capacity 2590K, committed 2688K, reserved 1048576K
Event: 2,579 GC heap after
Heap after GC invocations=4 (full 1):
 PSYoungGen      total 68608K, used 0K [0x00000000d7100000, 0x00000000df700000, 0x0000000100000000)
  eden space 63488K, 0% used [0x00000000d7100000,0x00000000d7100000,0x00000000daf00000)
  from space 5120K, 0% used [0x00000000daf00000,0x00000000daf00000,0x00000000db400000)
  to   space 5120K, 0% used [0x00000000df200000,0x00000000df200000,0x00000000df700000)
 ParOldGen       total 64512K, used 9299K [0x0000000085200000, 0x0000000089100000, 0x00000000d7100000)
  object space 64512K, 14% used [0x0000000085200000,0x0000000085b14f98,0x0000000089100000)
 Metaspace       used 20687K, capacity 21100K, committed 21296K, reserved 1069056K
  class space    used 2441K, capacity 2590K, committed 2688K, reserved 1048576K
}
Event: 4,068 GC heap before
{Heap before GC invocations=5 (full 1):
 PSYoungGen      total 68608K, used 63488K [0x00000000d7100000, 0x00000000df700000, 0x0000000100000000)
  eden space 63488K, 100% used [0x00000000d7100000,0x00000000daf00000,0x00000000daf00000)
  from space 5120K, 0% used [0x00000000daf00000,0x00000000daf00000,0x00000000db400000)
  to   space 5120K, 0% used [0x00000000df200000,0x00000000df200000,0x00000000df700000)
 ParOldGen       total 64512K, used 9299K [0x0000000085200000, 0x0000000089100000, 0x00000000d7100000)
  object space 64512K, 14% used [0x0000000085200000,0x0000000085b14f98,0x0000000089100000)
 Metaspace       used 28828K, capacity 29317K, committed 29568K, reserved 1075200K
  class space    used 3509K, capacity 3670K, committed 3712K, reserved 1048576K

