# JRE version: OpenJDK Runtime Environment (8.0_242) (build 1.8.0_242-release-1644-b3-6222593)
# Java VM: OpenJDK 64-Bit Server VM (25.242-b3-6222593 mixed mode linux-amd64 compressed oops)
Heap:
 PSYoungGen      total 413184K, used 64147K [0x00000000d5580000, 0x00000000f0600000, 0x0000000100000000)
  eden space 397824K, 12% used [0x00000000d5580000,0x00000000d85292d8,0x00000000eda00000)
  from space 15360K, 99% used [0x00000000ef180000,0x00000000f007bcd8,0x00000000f0080000)
  to   space 22528K, 69% used [0x00000000eda00000,0x00000000ee933340,0x00000000ef000000)
 ParOldGen       total 74240K, used 27240K [0x0000000080000000, 0x0000000084880000, 0x00000000d5580000)
  object space 74240K, 36% used [0x0000000080000000,0x0000000081a9a3d8,0x0000000084880000)
 Metaspace       used 56779K, capacity 59038K, committed 59096K, reserved 1099776K
  class space    used 7689K, capacity 8171K, committed 8192K, reserved 1048576K
GC Heap History (10 events):
Event: 5,450 GC heap after
Heap after GC invocations=6 (full 1):
 PSYoungGen      total 132096K, used 0K [0x00000000d5580000, 0x00000000e6780000, 0x0000000100000000)
  eden space 126976K, 0% used [0x00000000d5580000,0x00000000d5580000,0x00000000dd180000)
  from space 5120K, 0% used [0x00000000dd180000,0x00000000dd180000,0x00000000dd680000)
  to   space 13312K, 0% used [0x00000000e5a80000,0x00000000e5a80000,0x00000000e6780000)
 ParOldGen       total 52224K, used 7130K [0x0000000080000000, 0x0000000083300000, 0x00000000d5580000)
  object space 52224K, 13% used [0x0000000080000000,0x00000000806f6b50,0x0000000083300000)
 Metaspace       used 20442K, capacity 21140K, committed 21296K, reserved 1067008K
  class space    used 2879K, capacity 3092K, committed 3200K, reserved 1048576K
}
Event: 8,640 GC heap before
{Heap before GC invocations=7 (full 1):
 PSYoungGen      total 132096K, used 126976K [0x00000000d5580000, 0x00000000e6780000, 0x0000000100000000)
  eden space 126976K, 100% used [0x00000000d5580000,0x00000000dd180000,0x00000000dd180000)
  from space 5120K, 0% used [0x00000000dd180000,0x00000000dd180000,0x00000000dd680000)
  to   space 13312K, 0% used [0x00000000e5a80000,0x00000000e5a80000,0x00000000e6780000)
 ParOldGen       total 52224K, used 7130K [0x0000000080000000, 0x0000000083300000, 0x00000000d5580000)
  object space 52224K, 13% used [0x0000000080000000,0x00000000806f6b50,0x0000000083300000)
 Metaspace       used 32111K, capacity 33128K, committed 33408K, reserved 1077248K
  class space    used 4343K, capacity 4631K, committed 4736K, reserved 1048576K
Event: 8,688 GC heap after
Heap after GC invocations=7 (full 1):
 PSYoungGen      total 241664K, used 13085K [0x00000000d5580000, 0x00000000e6780000, 0x0000000100000000)
  eden space 228352K, 0% used [0x00000000d5580000,0x00000000d5580000,0x00000000e3480000)
  from space 13312K, 98% used [0x00000000e5a80000,0x00000000e6747708,0x00000000e6780000)
  to   space 15872K, 0% used [0x00000000e4880000,0x00000000e4880000,0x00000000e5800000)
 ParOldGen       total 52224K, used 7138K [0x0000000080000000, 0x0000000083300000, 0x00000000d5580000)
  object space 52224K, 13% used [0x0000000080000000,0x00000000806f8b50,0x0000000083300000)
 Metaspace       used 32111K, capacity 33128K, committed 33408K, reserved 1077248K
  class space    used 4343K, capacity 4631K, committed 4736K, reserved 1048576K
}
Event: 9,821 GC heap before
{Heap before GC invocations=8 (full 1):
 PSYoungGen      total 241664K, used 57703K [0x00000000d5580000, 0x00000000e6780000, 0x0000000100000000)
  eden space 228352K, 19% used [0x00000000d5580000,0x00000000d81125b0,0x00000000e3480000)
  from space 13312K, 98% used [0x00000000e5a80000,0x00000000e6747708,0x00000000e6780000)
  to   space 15872K, 0% used [0x00000000e4880000,0x00000000e4880000,0x00000000e5800000)
 ParOldGen       total 52224K, used 7138K [0x0000000080000000, 0x0000000083300000, 0x00000000d5580000)
  object space 52224K, 13% used [0x0000000080000000,0x00000000806f8b50,0x0000000083300000)
 Metaspace       used 34365K, capacity 35368K, committed 35456K, reserved 1079296K
  class space    used 4663K, capacity 4941K, committed 4992K, reserved 1048576K
Event: 9,865 GC heap after
Heap after GC invocations=8 (full 1):
 PSYoungGen      total 264704K, used 9776K [0x00000000d5580000, 0x00000000f0080000, 0x0000000100000000)
  eden space 248832K, 0% used [0x00000000d5580000,0x00000000d5580000,0x00000000e4880000)
  from space 15872K, 61% used [0x00000000e4880000,0x00000000e520c3d8,0x00000000e5800000)
  to   space 15360K, 0% used [0x00000000ef180000,0x00000000ef180000,0x00000000f0080000)
 ParOldGen       total 52224K, used 7146K [0x0000000080000000, 0x0000000083300000, 0x00000000d5580000)
  object space 52224K, 13% used [0x0000000080000000,0x00000000806fab50,0x0000000083300000)
 Metaspace       used 34365K, capacity 35368K, committed 35456K, reserved 1079296K
  class space    used 4663K, capacity 4941K, committed 4992K, reserved 1048576K
}
Event: 9,866 GC heap before
{Heap before GC invocations=9 (full 2):
 PSYoungGen      total 264704K, used 9776K [0x00000000d5580000, 0x00000000f0080000, 0x0000000100000000)
  eden space 248832K, 0% used [0x00000000d5580000,0x00000000d5580000,0x00000000e4880000)
  from space 15872K, 61% used [0x00000000e4880000,0x00000000e520c3d8,0x00000000e5800000)
  to   space 15360K, 0% used [0x00000000ef180000,0x00000000ef180000,0x00000000f0080000)
 ParOldGen       total 52224K, used 7146K [0x0000000080000000, 0x0000000083300000, 0x00000000d5580000)
  object space 52224K, 13% used [0x0000000080000000,0x00000000806fab50,0x0000000083300000)
 Metaspace       used 34365K, capacity 35368K, committed 35456K, reserved 1079296K
  class space    used 4663K, capacity 4941K, committed 4992K, reserved 1048576K
Event: 10,080 GC heap after
Heap after GC invocations=9 (full 2):
 PSYoungGen      total 264704K, used 0K [0x00000000d5580000, 0x00000000f0080000, 0x0000000100000000)
  eden space 248832K, 0% used [0x00000000d5580000,0x00000000d5580000,0x00000000e4880000)
  from space 15872K, 0% used [0x00000000e4880000,0x00000000e4880000,0x00000000e5800000)
  to   space 15360K, 0% used [0x00000000ef180000,0x00000000ef180000,0x00000000f0080000)
 ParOldGen       total 74240K, used 16520K [0x0000000080000000, 0x0000000084880000, 0x00000000d5580000)
  object space 74240K, 22% used [0x0000000080000000,0x0000000081022040,0x0000000084880000)
 Metaspace       used 34365K, capacity 35368K, committed 35456K, reserved 1079296K
  class space    used 4663K, capacity 4941K, committed 4992K, reserved 1048576K
}
Event: 17,458 GC heap before
{Heap before GC invocations=10 (full 2):
 PSYoungGen      total 264704K, used 248832K [0x00000000d5580000, 0x00000000f0080000, 0x0000000100000000)
  eden space 248832K, 100% used [0x00000000d5580000,0x00000000e4880000,0x00000000e4880000)
  from space 15872K, 0% used [0x00000000e4880000,0x00000000e4880000,0x00000000e5800000)
  to   space 15360K, 0% used [0x00000000ef180000,0x00000000ef180000,0x00000000f0080000)
 ParOldGen       total 74240K, used 16520K [0x0000000080000000, 0x0000000084880000, 0x00000000d5580000)
  object space 74240K, 22% used [0x0000000080000000,0x0000000081022040,0x0000000084880000)
 Metaspace       used 52619K, capacity 54606K, committed 54912K, reserved 1097728K
  class space    used 7016K, capacity 7465K, committed 7552K, reserved 1048576K
Event: 17,571 GC heap after
Heap after GC invocations=10 (full 2):
 PSYoungGen      total 413184K, used 15343K [0x00000000d5580000, 0x00000000f0600000, 0x0000000100000000)
  eden space 397824K, 0% used [0x00000000d5580000,0x00000000d5580000,0x00000000eda00000)
  from space 15360K, 99% used [0x00000000ef180000,0x00000000f007bcd8,0x00000000f0080000)
  to   space 22528K, 0% used [0x00000000eda00000,0x00000000eda00000,0x00000000ef000000)
 ParOldGen       total 74240K, used 27232K [0x0000000080000000, 0x0000000084880000, 0x00000000d5580000)
  object space 74240K, 36% used [0x0000000080000000,0x0000000081a983d8,0x0000000084880000)
 Metaspace       used 52619K, capacity 54606K, committed 54912K, reserved 1097728K
  class space    used 7016K, capacity 7465K, committed 7552K, reserved 1048576K
}
Event: 19,539 GC heap before
{Heap before GC invocations=11 (full 2):
 PSYoungGen      total 413184K, used 64147K [0x00000000d5580000, 0x00000000f0600000, 0x0000000100000000)
  eden space 397824K, 12% used [0x00000000d5580000,0x00000000d85292d8,0x00000000eda00000)
  from space 15360K, 99% used [0x00000000ef180000,0x00000000f007bcd8,0x00000000f0080000)
  to   space 22528K, 0% used [0x00000000eda00000,0x00000000eda00000,0x00000000ef000000)
 ParOldGen       total 74240K, used 27232K [0x0000000080000000, 0x0000000084880000, 0x00000000d5580000)
  object space 74240K, 36% used [0x0000000080000000,0x0000000081a983d8,0x0000000084880000)
 Metaspace       used 56779K, capacity 59038K, committed 59096K, reserved 1099776K
  class space    used 7689K, capacity 8171K, committed 8192K, reserved 1048576K

