# JRE version: OpenJDK Runtime Environment (8.0_242) (build 1.8.0_242-release-1644-b3-6222593)
# Java VM: OpenJDK 64-Bit Server VM (25.242-b3-6222593 mixed mode linux-amd64 compressed oops)
Heap:
 PSYoungGen      total 132096K, used 46202K [0x00000000d7100000, 0x00000000e2000000, 0x0000000100000000)
  eden space 126976K, 36% used [0x00000000d7100000,0x00000000d9e1eb50,0x00000000ded00000)
  from space 5120K, 0% used [0x00000000ded00000,0x00000000ded00000,0x00000000df200000)
  to   space 15872K, 0% used [0x00000000e1080000,0x00000000e1080000,0x00000000e2000000)
 ParOldGen       total 104448K, used 19657K [0x0000000085200000, 0x000000008b800000, 0x00000000d7100000)
  object space 104448K, 18% used [0x0000000085200000,0x0000000086532418,0x000000008b800000)
 Metaspace       used 37900K, capacity 38484K, committed 38784K, reserved 1083392K
  class space    used 4811K, capacity 4955K, committed 4992K, reserved 1048576K
GC Heap History (10 events):
Event: 2,710 GC heap before
{Heap before GC invocations=3 (full 0):
 PSYoungGen      total 68608K, used 25809K [0x00000000d7100000, 0x00000000db900000, 0x0000000100000000)
  eden space 63488K, 32% used [0x00000000d7100000,0x00000000d8538568,0x00000000daf00000)
  from space 5120K, 99% used [0x00000000db400000,0x00000000db8fc010,0x00000000db900000)
  to   space 5120K, 0% used [0x00000000daf00000,0x00000000daf00000,0x00000000db400000)
 ParOldGen       total 84992K, used 7312K [0x0000000085200000, 0x000000008a500000, 0x00000000d7100000)
  object space 84992K, 8% used [0x0000000085200000,0x00000000859241b0,0x000000008a500000)
 Metaspace       used 20692K, capacity 21108K, committed 21296K, reserved 1069056K
  class space    used 2442K, capacity 2590K, committed 2688K, reserved 1048576K
Event: 2,740 GC heap after
Heap after GC invocations=3 (full 0):
 PSYoungGen      total 68608K, used 5104K [0x00000000d7100000, 0x00000000df700000, 0x0000000100000000)
  eden space 63488K, 0% used [0x00000000d7100000,0x00000000d7100000,0x00000000daf00000)
  from space 5120K, 99% used [0x00000000daf00000,0x00000000db3fc020,0x00000000db400000)
  to   space 5120K, 0% used [0x00000000df200000,0x00000000df200000,0x00000000df700000)
 ParOldGen       total 84992K, used 11718K [0x0000000085200000, 0x000000008a500000, 0x00000000d7100000)
  object space 84992K, 13% used [0x0000000085200000,0x0000000085d71bf0,0x000000008a500000)
 Metaspace       used 20692K, capacity 21108K, committed 21296K, reserved 1069056K
  class space    used 2442K, capacity 2590K, committed 2688K, reserved 1048576K
}
Event: 2,740 GC heap before
{Heap before GC invocations=4 (full 1):
 PSYoungGen      total 68608K, used 5104K [0x00000000d7100000, 0x00000000df700000, 0x0000000100000000)
  eden space 63488K, 0% used [0x00000000d7100000,0x00000000d7100000,0x00000000daf00000)
  from space 5120K, 99% used [0x00000000daf00000,0x00000000db3fc020,0x00000000db400000)
  to   space 5120K, 0% used [0x00000000df200000,0x00000000df200000,0x00000000df700000)
 ParOldGen       total 84992K, used 11718K [0x0000000085200000, 0x000000008a500000, 0x00000000d7100000)
  object space 84992K, 13% used [0x0000000085200000,0x0000000085d71bf0,0x000000008a500000)
 Metaspace       used 20692K, capacity 21108K, committed 21296K, reserved 1069056K
  class space    used 2442K, capacity 2590K, committed 2688K, reserved 1048576K
Event: 2,843 GC heap after
Heap after GC invocations=4 (full 1):
 PSYoungGen      total 68608K, used 0K [0x00000000d7100000, 0x00000000df700000, 0x0000000100000000)
  eden space 63488K, 0% used [0x00000000d7100000,0x00000000d7100000,0x00000000daf00000)
  from space 5120K, 0% used [0x00000000daf00000,0x00000000daf00000,0x00000000db400000)
  to   space 5120K, 0% used [0x00000000df200000,0x00000000df200000,0x00000000df700000)
 ParOldGen       total 62976K, used 9311K [0x0000000085200000, 0x0000000088f80000, 0x00000000d7100000)
  object space 62976K, 14% used [0x0000000085200000,0x0000000085b17e28,0x0000000088f80000)
 Metaspace       used 20692K, capacity 21108K, committed 21296K, reserved 1069056K
  class space    used 2442K, capacity 2590K, committed 2688K, reserved 1048576K
}
Event: 4,371 GC heap before
{Heap before GC invocations=5 (full 1):
 PSYoungGen      total 68608K, used 63488K [0x00000000d7100000, 0x00000000df700000, 0x0000000100000000)
  eden space 63488K, 100% used [0x00000000d7100000,0x00000000daf00000,0x00000000daf00000)
  from space 5120K, 0% used [0x00000000daf00000,0x00000000daf00000,0x00000000db400000)
  to   space 5120K, 0% used [0x00000000df200000,0x00000000df200000,0x00000000df700000)
 ParOldGen       total 62976K, used 9311K [0x0000000085200000, 0x0000000088f80000, 0x00000000d7100000)
  object space 62976K, 14% used [0x0000000085200000,0x0000000085b17e28,0x0000000088f80000)
 Metaspace       used 29224K, capacity 29673K, committed 29824K, reserved 1075200K
  class space    used 3553K, capacity 3702K, committed 3712K, reserved 1048576K
Event: 4,446 GC heap after
Heap after GC invocations=5 (full 1):
 PSYoungGen      total 101376K, used 5091K [0x00000000d7100000, 0x00000000df700000, 0x0000000100000000)
  eden space 96256K, 0% used [0x00000000d7100000,0x00000000d7100000,0x00000000dcf00000)
  from space 5120K, 99% used [0x00000000df200000,0x00000000df6f8c70,0x00000000df700000)
  to   space 5120K, 0% used [0x00000000ded00000,0x00000000ded00000,0x00000000df200000)
 ParOldGen       total 62976K, used 19746K [0x0000000085200000, 0x0000000088f80000, 0x00000000d7100000)
  object space 62976K, 31% used [0x0000000085200000,0x0000000086548830,0x0000000088f80000)
 Metaspace       used 29224K, capacity 29673K, committed 29824K, reserved 1075200K
  class space    used 3553K, capacity 3702K, committed 3712K, reserved 1048576K
}
Event: 5,331 GC heap before
{Heap before GC invocations=6 (full 1):
 PSYoungGen      total 101376K, used 32423K [0x00000000d7100000, 0x00000000df700000, 0x0000000100000000)
  eden space 96256K, 28% used [0x00000000d7100000,0x00000000d8bb12c8,0x00000000dcf00000)
  from space 5120K, 99% used [0x00000000df200000,0x00000000df6f8c70,0x00000000df700000)
  to   space 5120K, 0% used [0x00000000ded00000,0x00000000ded00000,0x00000000df200000)
 ParOldGen       total 62976K, used 19746K [0x0000000085200000, 0x0000000088f80000, 0x00000000d7100000)
  object space 62976K, 31% used [0x0000000085200000,0x0000000086548830,0x0000000088f80000)
 Metaspace       used 34802K, capacity 35286K, committed 35496K, reserved 1081344K
  class space    used 4448K, capacity 4582K, committed 4608K, reserved 1048576K
Event: 5,376 GC heap after
Heap after GC invocations=6 (full 1):
 PSYoungGen      total 132096K, used 5100K [0x00000000d7100000, 0x00000000e2000000, 0x0000000100000000)
  eden space 126976K, 0% used [0x00000000d7100000,0x00000000d7100000,0x00000000ded00000)
  from space 5120K, 99% used [0x00000000ded00000,0x00000000df1fb120,0x00000000df200000)
  to   space 15872K, 0% used [0x00000000e1080000,0x00000000e1080000,0x00000000e2000000)
 ParOldGen       total 62976K, used 26926K [0x0000000085200000, 0x0000000088f80000, 0x00000000d7100000)
  object space 62976K, 42% used [0x0000000085200000,0x0000000086c4ba90,0x0000000088f80000)
 Metaspace       used 34802K, capacity 35286K, committed 35496K, reserved 1081344K
  class space    used 4448K, capacity 4582K, committed 4608K, reserved 1048576K
}
Event: 5,376 GC heap before
{Heap before GC invocations=7 (full 2):
 PSYoungGen      total 132096K, used 5100K [0x00000000d7100000, 0x00000000e2000000, 0x0000000100000000)
  eden space 126976K, 0% used [0x00000000d7100000,0x00000000d7100000,0x00000000ded00000)
  from space 5120K, 99% used [0x00000000ded00000,0x00000000df1fb120,0x00000000df200000)
  to   space 15872K, 0% used [0x00000000e1080000,0x00000000e1080000,0x00000000e2000000)
 ParOldGen       total 62976K, used 26926K [0x0000000085200000, 0x0000000088f80000, 0x00000000d7100000)
  object space 62976K, 42% used [0x0000000085200000,0x0000000086c4ba90,0x0000000088f80000)
 Metaspace       used 34802K, capacity 35286K, committed 35496K, reserved 1081344K
  class space    used 4448K, capacity 4582K, committed 4608K, reserved 1048576K
Event: 5,538 GC heap after
Heap after GC invocations=7 (full 2):
 PSYoungGen      total 132096K, used 0K [0x00000000d7100000, 0x00000000e2000000, 0x0000000100000000)
  eden space 126976K, 0% used [0x00000000d7100000,0x00000000d7100000,0x00000000ded00000)
  from space 5120K, 0% used [0x00000000ded00000,0x00000000ded00000,0x00000000df200000)
  to   space 15872K, 0% used [0x00000000e1080000,0x00000000e1080000,0x00000000e2000000)
 ParOldGen       total 104448K, used 19657K [0x0000000085200000, 0x000000008b800000, 0x00000000d7100000)
  object space 104448K, 18% used [0x0000000085200000,0x0000000086532418,0x000000008b800000)
 Metaspace       used 34802K, capacity 35286K, committed 35496K, reserved 1081344K
  class space    used 4448K, capacity 4582K, committed 4608K, reserved 1048576K
}

