# JRE version: OpenJDK Runtime Environment (8.0_242) (build 1.8.0_242-release-1644-b3-6222593)
# Java VM: OpenJDK 64-Bit Server VM (25.242-b3-6222593 mixed mode linux-amd64 compressed oops)
Heap:
 PSYoungGen      total 423424K, used 18766K [0x00000000d5580000, 0x00000000f9f00000, 0x0000000100000000)
  eden space 400384K, 0% used [0x00000000d5580000,0x00000000d5580000,0x00000000edc80000)
  from space 23040K, 81% used [0x00000000edc80000,0x00000000eeed3b70,0x00000000ef300000)
  to   space 25088K, 0% used [0x00000000f8680000,0x00000000f8680000,0x00000000f9f00000)
 ParOldGen       total 73728K, used 27920K [0x0000000080000000, 0x0000000084800000, 0x00000000d5580000)
  object space 73728K, 37% used [0x0000000080000000,0x0000000081b44340,0x0000000084800000)
 Metaspace       used 56835K, capacity 59077K, committed 59160K, reserved 1099776K
  class space    used 7694K, capacity 8232K, committed 8232K, reserved 1048576K
GC Heap History (10 events):
Event: 5,031 GC heap after
Heap after GC invocations=7 (full 1):
 PSYoungGen      total 241664K, used 13268K [0x00000000d5580000, 0x00000000e6780000, 0x0000000100000000)
  eden space 228352K, 0% used [0x00000000d5580000,0x00000000d5580000,0x00000000e3480000)
  from space 13312K, 99% used [0x00000000e5a80000,0x00000000e6775220,0x00000000e6780000)
  to   space 15872K, 0% used [0x00000000e4880000,0x00000000e4880000,0x00000000e5800000)
 ParOldGen       total 56832K, used 11672K [0x0000000080000000, 0x0000000083780000, 0x00000000d5580000)
  object space 56832K, 20% used [0x0000000080000000,0x0000000080b660f8,0x0000000083780000)
 Metaspace       used 32123K, capacity 33146K, committed 33328K, reserved 1077248K
  class space    used 4341K, capacity 4630K, committed 4656K, reserved 1048576K
}
Event: 5,502 GC heap before
{Heap before GC invocations=8 (full 1):
 PSYoungGen      total 241664K, used 59000K [0x00000000d5580000, 0x00000000e6780000, 0x0000000100000000)
  eden space 228352K, 20% used [0x00000000d5580000,0x00000000d8229198,0x00000000e3480000)
  from space 13312K, 99% used [0x00000000e5a80000,0x00000000e6775220,0x00000000e6780000)
  to   space 15872K, 0% used [0x00000000e4880000,0x00000000e4880000,0x00000000e5800000)
 ParOldGen       total 56832K, used 11672K [0x0000000080000000, 0x0000000083780000, 0x00000000d5580000)
  object space 56832K, 20% used [0x0000000080000000,0x0000000080b660f8,0x0000000083780000)
 Metaspace       used 34409K, capacity 35378K, committed 35496K, reserved 1079296K
  class space    used 4663K, capacity 4940K, committed 5032K, reserved 1048576K
Event: 5,538 GC heap after
Heap after GC invocations=8 (full 1):
 PSYoungGen      total 264704K, used 10090K [0x00000000d5580000, 0x00000000f0280000, 0x0000000100000000)
  eden space 248832K, 0% used [0x00000000d5580000,0x00000000d5580000,0x00000000e4880000)
  from space 15872K, 63% used [0x00000000e4880000,0x00000000e525aa48,0x00000000e5800000)
  to   space 15872K, 0% used [0x00000000ef300000,0x00000000ef300000,0x00000000f0280000)
 ParOldGen       total 56832K, used 11680K [0x0000000080000000, 0x0000000083780000, 0x00000000d5580000)
  object space 56832K, 20% used [0x0000000080000000,0x0000000080b680f8,0x0000000083780000)
 Metaspace       used 34409K, capacity 35378K, committed 35496K, reserved 1079296K
  class space    used 4663K, capacity 4940K, committed 5032K, reserved 1048576K
}
Event: 5,538 GC heap before
{Heap before GC invocations=9 (full 2):
 PSYoungGen      total 264704K, used 10090K [0x00000000d5580000, 0x00000000f0280000, 0x0000000100000000)
  eden space 248832K, 0% used [0x00000000d5580000,0x00000000d5580000,0x00000000e4880000)
  from space 15872K, 63% used [0x00000000e4880000,0x00000000e525aa48,0x00000000e5800000)
  to   space 15872K, 0% used [0x00000000ef300000,0x00000000ef300000,0x00000000f0280000)
 ParOldGen       total 56832K, used 11680K [0x0000000080000000, 0x0000000083780000, 0x00000000d5580000)
  object space 56832K, 20% used [0x0000000080000000,0x0000000080b680f8,0x0000000083780000)
 Metaspace       used 34409K, capacity 35378K, committed 35496K, reserved 1079296K
  class space    used 4663K, capacity 4940K, committed 5032K, reserved 1048576K
Event: 5,652 GC heap after
Heap after GC invocations=9 (full 2):
 PSYoungGen      total 264704K, used 0K [0x00000000d5580000, 0x00000000f0280000, 0x0000000100000000)
  eden space 248832K, 0% used [0x00000000d5580000,0x00000000d5580000,0x00000000e4880000)
  from space 15872K, 0% used [0x00000000e4880000,0x00000000e4880000,0x00000000e5800000)
  to   space 15872K, 0% used [0x00000000ef300000,0x00000000ef300000,0x00000000f0280000)
 ParOldGen       total 73728K, used 17207K [0x0000000080000000, 0x0000000084800000, 0x00000000d5580000)
  object space 73728K, 23% used [0x0000000080000000,0x00000000810cded8,0x0000000084800000)
 Metaspace       used 34409K, capacity 35378K, committed 35496K, reserved 1079296K
  class space    used 4663K, capacity 4940K, committed 5032K, reserved 1048576K
}
Event: 8,638 GC heap before
{Heap before GC invocations=10 (full 2):
 PSYoungGen      total 264704K, used 248832K [0x00000000d5580000, 0x00000000f0280000, 0x0000000100000000)
  eden space 248832K, 100% used [0x00000000d5580000,0x00000000e4880000,0x00000000e4880000)
  from space 15872K, 0% used [0x00000000e4880000,0x00000000e4880000,0x00000000e5800000)
  to   space 15872K, 0% used [0x00000000ef300000,0x00000000ef300000,0x00000000f0280000)
 ParOldGen       total 73728K, used 17207K [0x0000000080000000, 0x0000000084800000, 0x00000000d5580000)
  object space 73728K, 23% used [0x0000000080000000,0x00000000810cded8,0x0000000084800000)
 Metaspace       used 52679K, capacity 54644K, committed 54952K, reserved 1097728K
  class space    used 7018K, capacity 7482K, committed 7592K, reserved 1048576K
Event: 8,676 GC heap after
Heap after GC invocations=10 (full 2):
 PSYoungGen      total 416256K, used 15848K [0x00000000d5580000, 0x00000000f1100000, 0x0000000100000000)
  eden space 400384K, 0% used [0x00000000d5580000,0x00000000d5580000,0x00000000edc80000)
  from space 15872K, 99% used [0x00000000ef300000,0x00000000f027a3c0,0x00000000f0280000)
  to   space 23040K, 0% used [0x00000000edc80000,0x00000000edc80000,0x00000000ef300000)
 ParOldGen       total 73728K, used 27848K [0x0000000080000000, 0x0000000084800000, 0x00000000d5580000)
  object space 73728K, 37% used [0x0000000080000000,0x0000000081b32330,0x0000000084800000)
 Metaspace       used 52679K, capacity 54644K, committed 54952K, reserved 1097728K
  class space    used 7018K, capacity 7482K, committed 7592K, reserved 1048576K
}
Event: 9,416 GC heap before
{Heap before GC invocations=11 (full 2):
 PSYoungGen      total 416256K, used 65572K [0x00000000d5580000, 0x00000000f1100000, 0x0000000100000000)
  eden space 400384K, 12% used [0x00000000d5580000,0x00000000d860efe0,0x00000000edc80000)
  from space 15872K, 99% used [0x00000000ef300000,0x00000000f027a3c0,0x00000000f0280000)
  to   space 23040K, 0% used [0x00000000edc80000,0x00000000edc80000,0x00000000ef300000)
 ParOldGen       total 73728K, used 27848K [0x0000000080000000, 0x0000000084800000, 0x00000000d5580000)
  object space 73728K, 37% used [0x0000000080000000,0x0000000081b32330,0x0000000084800000)
 Metaspace       used 56835K, capacity 59077K, committed 59160K, reserved 1099776K
  class space    used 7694K, capacity 8232K, committed 8232K, reserved 1048576K
Event: 9,451 GC heap after
Heap after GC invocations=11 (full 2):
 PSYoungGen      total 423424K, used 18766K [0x00000000d5580000, 0x00000000f9f00000, 0x0000000100000000)
  eden space 400384K, 0% used [0x00000000d5580000,0x00000000d5580000,0x00000000edc80000)
  from space 23040K, 81% used [0x00000000edc80000,0x00000000eeed3b70,0x00000000ef300000)
  to   space 25088K, 0% used [0x00000000f8680000,0x00000000f8680000,0x00000000f9f00000)
 ParOldGen       total 73728K, used 27920K [0x0000000080000000, 0x0000000084800000, 0x00000000d5580000)
  object space 73728K, 37% used [0x0000000080000000,0x0000000081b44340,0x0000000084800000)
 Metaspace       used 56835K, capacity 59077K, committed 59160K, reserved 1099776K
  class space    used 7694K, capacity 8232K, committed 8232K, reserved 1048576K
}
Event: 9,451 GC heap before
{Heap before GC invocations=12 (full 3):
 PSYoungGen      total 423424K, used 18766K [0x00000000d5580000, 0x00000000f9f00000, 0x0000000100000000)
  eden space 400384K, 0% used [0x00000000d5580000,0x00000000d5580000,0x00000000edc80000)
  from space 23040K, 81% used [0x00000000edc80000,0x00000000eeed3b70,0x00000000ef300000)
  to   space 25088K, 0% used [0x00000000f8680000,0x00000000f8680000,0x00000000f9f00000)
 ParOldGen       total 73728K, used 27920K [0x0000000080000000, 0x0000000084800000, 0x00000000d5580000)
  object space 73728K, 37% used [0x0000000080000000,0x0000000081b44340,0x0000000084800000)
 Metaspace       used 56835K, capacity 59077K, committed 59160K, reserved 1099776K
  class space    used 7694K, capacity 8232K, committed 8232K, reserved 1048576K

