# JRE version: OpenJDK Runtime Environment (8.0_242) (build 1.8.0_242-release-1644-b3-6222593)
# Java VM: OpenJDK 64-Bit Server VM (25.242-b3-6222593 mixed mode linux-amd64 compressed oops)
Heap:
 PSYoungGen      total 650752K, used 373258K [0x00000000d5580000, 0x00000000ff980000, 0x0000000100000000)
  eden space 610304K, 58% used [0x00000000d5580000,0x00000000eb2bd230,0x00000000fa980000)
  from space 40448K, 38% used [0x00000000fd200000,0x00000000fe145710,0x00000000ff980000)
  to   space 40960K, 0% used [0x00000000fa980000,0x00000000fa980000,0x00000000fd180000)
 ParOldGen       total 146432K, used 58959K [0x0000000080000000, 0x0000000088f00000, 0x00000000d5580000)
  object space 146432K, 40% used [0x0000000080000000,0x0000000083993e30,0x0000000088f00000)
 Metaspace       used 101421K, capacity 109522K, committed 109720K, reserved 1144832K
  class space    used 13325K, capacity 14658K, committed 14768K, reserved 1048576K
GC Heap History (10 events):
Event: 116,178 GC heap before
{Heap before GC invocations=16 (full 4):
 PSYoungGen      total 650752K, used 5671K [0x00000000d5580000, 0x0000000100000000, 0x0000000100000000)
  eden space 601600K, 0% used [0x00000000d5580000,0x00000000d5580000,0x00000000fa100000)
  from space 49152K, 11% used [0x00000000fd000000,0x00000000fd589f78,0x0000000100000000)
  to   space 48128K, 0% used [0x00000000fa100000,0x00000000fa100000,0x00000000fd000000)
 ParOldGen       total 93696K, used 87858K [0x0000000080000000, 0x0000000085b80000, 0x00000000d5580000)
  object space 93696K, 93% used [0x0000000080000000,0x00000000855cc928,0x0000000085b80000)
 Metaspace       used 93964K, capacity 98472K, committed 98600K, reserved 1134592K
  class space    used 12563K, capacity 13391K, committed 13488K, reserved 1048576K
Event: 116,495 GC heap after
Heap after GC invocations=16 (full 4):
 PSYoungGen      total 650752K, used 0K [0x00000000d5580000, 0x0000000100000000, 0x0000000100000000)
  eden space 601600K, 0% used [0x00000000d5580000,0x00000000d5580000,0x00000000fa100000)
  from space 49152K, 0% used [0x00000000fd000000,0x00000000fd000000,0x0000000100000000)
  to   space 48128K, 0% used [0x00000000fa100000,0x00000000fa100000,0x00000000fd000000)
 ParOldGen       total 146432K, used 57139K [0x0000000080000000, 0x0000000088f00000, 0x00000000d5580000)
  object space 146432K, 39% used [0x0000000080000000,0x00000000837ccd80,0x0000000088f00000)
 Metaspace       used 93706K, capacity 97750K, committed 98600K, reserved 1134592K
  class space    used 12476K, capacity 13240K, committed 13488K, reserved 1048576K
}
Event: 406,963 GC heap before
{Heap before GC invocations=17 (full 4):
 PSYoungGen      total 650752K, used 601600K [0x00000000d5580000, 0x0000000100000000, 0x0000000100000000)
  eden space 601600K, 100% used [0x00000000d5580000,0x00000000fa100000,0x00000000fa100000)
  from space 49152K, 0% used [0x00000000fd000000,0x00000000fd000000,0x0000000100000000)
  to   space 48128K, 0% used [0x00000000fa100000,0x00000000fa100000,0x00000000fd000000)
 ParOldGen       total 146432K, used 57139K [0x0000000080000000, 0x0000000088f00000, 0x00000000d5580000)
  object space 146432K, 39% used [0x0000000080000000,0x00000000837ccd80,0x0000000088f00000)
 Metaspace       used 97005K, capacity 101862K, committed 102040K, reserved 1138688K
  class space    used 12809K, capacity 13724K, committed 13744K, reserved 1048576K
Event: 406,993 GC heap after
Heap after GC invocations=17 (full 4):
 PSYoungGen      total 615936K, used 14186K [0x00000000d5580000, 0x00000000ffa00000, 0x0000000100000000)
  eden space 601600K, 0% used [0x00000000d5580000,0x00000000d5580000,0x00000000fa100000)
  from space 14336K, 98% used [0x00000000fa100000,0x00000000faeda938,0x00000000faf00000)
  to   space 45568K, 0% used [0x00000000fcd80000,0x00000000fcd80000,0x00000000ffa00000)
 ParOldGen       total 146432K, used 57147K [0x0000000080000000, 0x0000000088f00000, 0x00000000d5580000)
  object space 146432K, 39% used [0x0000000080000000,0x00000000837ced80,0x0000000088f00000)
 Metaspace       used 97005K, capacity 101862K, committed 102040K, reserved 1138688K
  class space    used 12809K, capacity 13724K, committed 13744K, reserved 1048576K
}
Event: 777,671 GC heap before
{Heap before GC invocations=18 (full 4):
 PSYoungGen      total 615936K, used 615786K [0x00000000d5580000, 0x00000000ffa00000, 0x0000000100000000)
  eden space 601600K, 100% used [0x00000000d5580000,0x00000000fa100000,0x00000000fa100000)
  from space 14336K, 98% used [0x00000000fa100000,0x00000000faeda938,0x00000000faf00000)
  to   space 45568K, 0% used [0x00000000fcd80000,0x00000000fcd80000,0x00000000ffa00000)
 ParOldGen       total 146432K, used 57147K [0x0000000080000000, 0x0000000088f00000, 0x00000000d5580000)
  object space 146432K, 39% used [0x0000000080000000,0x00000000837ced80,0x0000000088f00000)
 Metaspace       used 98589K, capacity 104774K, committed 104984K, reserved 1140736K
  class space    used 13007K, capacity 14090K, committed 14128K, reserved 1048576K
Event: 777,681 GC heap after
Heap after GC invocations=18 (full 4):
 PSYoungGen      total 647680K, used 4480K [0x00000000d5580000, 0x0000000100000000, 0x0000000100000000)
  eden space 602112K, 0% used [0x00000000d5580000,0x00000000d5580000,0x00000000fa180000)
  from space 45568K, 9% used [0x00000000fcd80000,0x00000000fd1e0040,0x00000000ffa00000)
  to   space 45056K, 0% used [0x00000000fa180000,0x00000000fa180000,0x00000000fcd80000)
 ParOldGen       total 146432K, used 58347K [0x0000000080000000, 0x0000000088f00000, 0x00000000d5580000)
  object space 146432K, 39% used [0x0000000080000000,0x00000000838fadd0,0x0000000088f00000)
 Metaspace       used 98589K, capacity 104774K, committed 104984K, reserved 1140736K
  class space    used 13007K, capacity 14090K, committed 14128K, reserved 1048576K
}
Event: 857,189 GC heap before
{Heap before GC invocations=19 (full 4):
 PSYoungGen      total 647680K, used 606592K [0x00000000d5580000, 0x0000000100000000, 0x0000000100000000)
  eden space 602112K, 100% used [0x00000000d5580000,0x00000000fa180000,0x00000000fa180000)
  from space 45568K, 9% used [0x00000000fcd80000,0x00000000fd1e0040,0x00000000ffa00000)
  to   space 45056K, 0% used [0x00000000fa180000,0x00000000fa180000,0x00000000fcd80000)
 ParOldGen       total 146432K, used 58347K [0x0000000080000000, 0x0000000088f00000, 0x00000000d5580000)
  object space 146432K, 39% used [0x0000000080000000,0x00000000838fadd0,0x0000000088f00000)
 Metaspace       used 99137K, capacity 105418K, committed 105624K, reserved 1140736K
  class space    used 13037K, capacity 14142K, committed 14256K, reserved 1048576K
Event: 857,228 GC heap after
Heap after GC invocations=19 (full 4):
 PSYoungGen      total 647168K, used 7824K [0x00000000d5580000, 0x00000000ffc80000, 0x0000000100000000)
  eden space 602112K, 0% used [0x00000000d5580000,0x00000000d5580000,0x00000000fa180000)
  from space 45056K, 17% used [0x00000000fa180000,0x00000000fa924040,0x00000000fcd80000)
  to   space 43520K, 0% used [0x00000000fd200000,0x00000000fd200000,0x00000000ffc80000)
 ParOldGen       total 146432K, used 58951K [0x0000000080000000, 0x0000000088f00000, 0x00000000d5580000)
  object space 146432K, 40% used [0x0000000080000000,0x0000000083991e30,0x0000000088f00000)
 Metaspace       used 99137K, capacity 105418K, committed 105624K, reserved 1140736K
  class space    used 13037K, capacity 14142K, committed 14256K, reserved 1048576K
}
Event: 2271,124 GC heap before
{Heap before GC invocations=20 (full 4):
 PSYoungGen      total 647168K, used 609936K [0x00000000d5580000, 0x00000000ffc80000, 0x0000000100000000)
  eden space 602112K, 100% used [0x00000000d5580000,0x00000000fa180000,0x00000000fa180000)
  from space 45056K, 17% used [0x00000000fa180000,0x00000000fa924040,0x00000000fcd80000)
  to   space 43520K, 0% used [0x00000000fd200000,0x00000000fd200000,0x00000000ffc80000)
 ParOldGen       total 146432K, used 58951K [0x0000000080000000, 0x0000000088f00000, 0x00000000d5580000)
  object space 146432K, 40% used [0x0000000080000000,0x0000000083991e30,0x0000000088f00000)
 Metaspace       used 100747K, capacity 108620K, committed 108824K, reserved 1142784K
  class space    used 13278K, capacity 14587K, committed 14640K, reserved 1048576K
Event: 2271,143 GC heap after
Heap after GC invocations=20 (full 4):
 PSYoungGen      total 650752K, used 15637K [0x00000000d5580000, 0x00000000ff980000, 0x0000000100000000)
  eden space 610304K, 0% used [0x00000000d5580000,0x00000000d5580000,0x00000000fa980000)
  from space 40448K, 38% used [0x00000000fd200000,0x00000000fe145710,0x00000000ff980000)
  to   space 40960K, 0% used [0x00000000fa980000,0x00000000fa980000,0x00000000fd180000)
 ParOldGen       total 146432K, used 58959K [0x0000000080000000, 0x0000000088f00000, 0x00000000d5580000)
  object space 146432K, 40% used [0x0000000080000000,0x0000000083993e30,0x0000000088f00000)
 Metaspace       used 100747K, capacity 108620K, committed 108824K, reserved 1142784K
  class space    used 13278K, capacity 14587K, committed 14640K, reserved 1048576K
}

