# JRE version: OpenJDK Runtime Environment (8.0_242) (build 1.8.0_242-release-1644-b3-6222593)
# Java VM: OpenJDK 64-Bit Server VM (25.242-b3-6222593 mixed mode linux-amd64 compressed oops)
Heap:
 PSYoungGen      total 582144K, used 557817K [0x00000000d5580000, 0x00000000fc300000, 0x0000000100000000)
  eden space 556544K, 95% used [0x00000000d5580000,0x00000000f5d3f310,0x00000000f7500000)
  from space 25600K, 99% used [0x00000000faa00000,0x00000000fc2ff468,0x00000000fc300000)
  to   space 33792K, 0% used [0x00000000f8100000,0x00000000f8100000,0x00000000fa200000)
 ParOldGen       total 98816K, used 43037K [0x0000000080000000, 0x0000000086080000, 0x00000000d5580000)
  object space 98816K, 43% used [0x0000000080000000,0x0000000082a07670,0x0000000086080000)
 Metaspace       used 86983K, capacity 91172K, committed 91288K, reserved 1128448K
  class space    used 11886K, capacity 12663K, committed 12720K, reserved 1048576K
GC Heap History (10 events):
Event: 4,219 GC heap before
{Heap before GC invocations=9 (full 2):
 PSYoungGen      total 263680K, used 9477K [0x00000000d5580000, 0x00000000f1700000, 0x0000000100000000)
  eden space 247808K, 0% used [0x00000000d5580000,0x00000000d5580000,0x00000000e4780000)
  from space 15872K, 59% used [0x00000000e4780000,0x00000000e50c15a8,0x00000000e5700000)
  to   space 15360K, 0% used [0x00000000f0800000,0x00000000f0800000,0x00000000f1700000)
 ParOldGen       total 54784K, used 12171K [0x0000000080000000, 0x0000000083580000, 0x00000000d5580000)
  object space 54784K, 22% used [0x0000000080000000,0x0000000080be2c38,0x0000000083580000)
 Metaspace       used 34488K, capacity 35428K, committed 35496K, reserved 1079296K
  class space    used 4715K, capacity 5001K, committed 5040K, reserved 1048576K
Event: 4,333 GC heap after
Heap after GC invocations=9 (full 2):
 PSYoungGen      total 263680K, used 0K [0x00000000d5580000, 0x00000000f1700000, 0x0000000100000000)
  eden space 247808K, 0% used [0x00000000d5580000,0x00000000d5580000,0x00000000e4780000)
  from space 15872K, 0% used [0x00000000e4780000,0x00000000e4780000,0x00000000e5700000)
  to   space 15360K, 0% used [0x00000000f0800000,0x00000000f0800000,0x00000000f1700000)
 ParOldGen       total 68608K, used 15976K [0x0000000080000000, 0x0000000084300000, 0x00000000d5580000)
  object space 68608K, 23% used [0x0000000080000000,0x0000000080f9a348,0x0000000084300000)
 Metaspace       used 34488K, capacity 35428K, committed 35496K, reserved 1079296K
  class space    used 4715K, capacity 5001K, committed 5040K, reserved 1048576K
}
Event: 7,919 GC heap before
{Heap before GC invocations=10 (full 2):
 PSYoungGen      total 263680K, used 247808K [0x00000000d5580000, 0x00000000f1700000, 0x0000000100000000)
  eden space 247808K, 100% used [0x00000000d5580000,0x00000000e4780000,0x00000000e4780000)
  from space 15872K, 0% used [0x00000000e4780000,0x00000000e4780000,0x00000000e5700000)
  to   space 15360K, 0% used [0x00000000f0800000,0x00000000f0800000,0x00000000f1700000)
 ParOldGen       total 68608K, used 15976K [0x0000000080000000, 0x0000000084300000, 0x00000000d5580000)
  object space 68608K, 23% used [0x0000000080000000,0x0000000080f9a348,0x0000000084300000)
 Metaspace       used 54868K, capacity 56804K, committed 57128K, reserved 1097728K
  class space    used 7413K, capacity 7889K, committed 7984K, reserved 1048576K
Event: 7,972 GC heap after
Heap after GC invocations=10 (full 2):
 PSYoungGen      total 433664K, used 15356K [0x00000000d5580000, 0x00000000f1d00000, 0x0000000100000000)
  eden space 418304K, 0% used [0x00000000d5580000,0x00000000d5580000,0x00000000eee00000)
  from space 15360K, 99% used [0x00000000f0800000,0x00000000f16ff310,0x00000000f1700000)
  to   space 24064K, 0% used [0x00000000eee00000,0x00000000eee00000,0x00000000f0580000)
 ParOldGen       total 68608K, used 30025K [0x0000000080000000, 0x0000000084300000, 0x00000000d5580000)
  object space 68608K, 43% used [0x0000000080000000,0x0000000081d52650,0x0000000084300000)
 Metaspace       used 54868K, capacity 56804K, committed 57128K, reserved 1097728K
  class space    used 7413K, capacity 7889K, committed 7984K, reserved 1048576K
}
Event: 8,448 GC heap before
{Heap before GC invocations=11 (full 2):
 PSYoungGen      total 433664K, used 52091K [0x00000000d5580000, 0x00000000f1d00000, 0x0000000100000000)
  eden space 418304K, 8% used [0x00000000d5580000,0x00000000d795fb88,0x00000000eee00000)
  from space 15360K, 99% used [0x00000000f0800000,0x00000000f16ff310,0x00000000f1700000)
  to   space 24064K, 0% used [0x00000000eee00000,0x00000000eee00000,0x00000000f0580000)
 ParOldGen       total 68608K, used 30025K [0x0000000080000000, 0x0000000084300000, 0x00000000d5580000)
  object space 68608K, 43% used [0x0000000080000000,0x0000000081d52650,0x0000000084300000)
 Metaspace       used 57009K, capacity 59078K, committed 59160K, reserved 1099776K
  class space    used 7701K, capacity 8194K, committed 8240K, reserved 1048576K
Event: 8,472 GC heap after
Heap after GC invocations=11 (full 2):
 PSYoungGen      total 442368K, used 18274K [0x00000000d5580000, 0x00000000fc300000, 0x0000000100000000)
  eden space 418304K, 0% used [0x00000000d5580000,0x00000000d5580000,0x00000000eee00000)
  from space 24064K, 75% used [0x00000000eee00000,0x00000000effd89b8,0x00000000f0580000)
  to   space 25600K, 0% used [0x00000000faa00000,0x00000000faa00000,0x00000000fc300000)
 ParOldGen       total 68608K, used 30097K [0x0000000080000000, 0x0000000084300000, 0x00000000d5580000)
  object space 68608K, 43% used [0x0000000080000000,0x0000000081d64660,0x0000000084300000)
 Metaspace       used 57009K, capacity 59078K, committed 59160K, reserved 1099776K
  class space    used 7701K, capacity 8194K, committed 8240K, reserved 1048576K
}
Event: 8,472 GC heap before
{Heap before GC invocations=12 (full 3):
 PSYoungGen      total 442368K, used 18274K [0x00000000d5580000, 0x00000000fc300000, 0x0000000100000000)
  eden space 418304K, 0% used [0x00000000d5580000,0x00000000d5580000,0x00000000eee00000)
  from space 24064K, 75% used [0x00000000eee00000,0x00000000effd89b8,0x00000000f0580000)
  to   space 25600K, 0% used [0x00000000faa00000,0x00000000faa00000,0x00000000fc300000)
 ParOldGen       total 68608K, used 30097K [0x0000000080000000, 0x0000000084300000, 0x00000000d5580000)
  object space 68608K, 43% used [0x0000000080000000,0x0000000081d64660,0x0000000084300000)
 Metaspace       used 57009K, capacity 59078K, committed 59160K, reserved 1099776K
  class space    used 7701K, capacity 8194K, committed 8240K, reserved 1048576K
Event: 8,750 GC heap after
Heap after GC invocations=12 (full 3):
 PSYoungGen      total 442368K, used 0K [0x00000000d5580000, 0x00000000fc300000, 0x0000000100000000)
  eden space 418304K, 0% used [0x00000000d5580000,0x00000000d5580000,0x00000000eee00000)
  from space 24064K, 0% used [0x00000000eee00000,0x00000000eee00000,0x00000000f0580000)
  to   space 25600K, 0% used [0x00000000faa00000,0x00000000faa00000,0x00000000fc300000)
 ParOldGen       total 98816K, used 31035K [0x0000000080000000, 0x0000000086080000, 0x00000000d5580000)
  object space 98816K, 31% used [0x0000000080000000,0x0000000081e4eec8,0x0000000086080000)
 Metaspace       used 57009K, capacity 59078K, committed 59160K, reserved 1099776K
  class space    used 7701K, capacity 8194K, committed 8240K, reserved 1048576K
}
Event: 21,016 GC heap before
{Heap before GC invocations=13 (full 3):
 PSYoungGen      total 442368K, used 418304K [0x00000000d5580000, 0x00000000fc300000, 0x0000000100000000)
  eden space 418304K, 100% used [0x00000000d5580000,0x00000000eee00000,0x00000000eee00000)
  from space 24064K, 0% used [0x00000000eee00000,0x00000000eee00000,0x00000000f0580000)
  to   space 25600K, 0% used [0x00000000faa00000,0x00000000faa00000,0x00000000fc300000)
 ParOldGen       total 98816K, used 31035K [0x0000000080000000, 0x0000000086080000, 0x00000000d5580000)
  object space 98816K, 31% used [0x0000000080000000,0x0000000081e4eec8,0x0000000086080000)
 Metaspace       used 74821K, capacity 77764K, committed 77976K, reserved 1116160K
  class space    used 10213K, capacity 10823K, committed 10928K, reserved 1048576K
Event: 21,067 GC heap after
Heap after GC invocations=13 (full 3):
 PSYoungGen      total 582144K, used 25597K [0x00000000d5580000, 0x00000000fc300000, 0x0000000100000000)
  eden space 556544K, 0% used [0x00000000d5580000,0x00000000d5580000,0x00000000f7500000)
  from space 25600K, 99% used [0x00000000faa00000,0x00000000fc2ff468,0x00000000fc300000)
  to   space 33792K, 0% used [0x00000000f8100000,0x00000000f8100000,0x00000000fa200000)
 ParOldGen       total 98816K, used 43037K [0x0000000080000000, 0x0000000086080000, 0x00000000d5580000)
  object space 98816K, 43% used [0x0000000080000000,0x0000000082a07670,0x0000000086080000)
 Metaspace       used 74821K, capacity 77764K, committed 77976K, reserved 1116160K
  class space    used 10213K, capacity 10823K, committed 10928K, reserved 1048576K
}

