# JRE version: OpenJDK Runtime Environment (8.0_242) (build 1.8.0_242-release-1644-b3-6222593)
# Java VM: OpenJDK 64-Bit Server VM (25.242-b3-6222593 mixed mode linux-amd64 compressed oops)
Heap:
 PSYoungGen      total 54272K, used 9009K [0x00000000d7100000, 0x00000000db900000, 0x0000000100000000)
  eden space 49152K, 7% used [0x00000000d7100000,0x00000000d74d02a0,0x00000000da100000)
  from space 5120K, 99% used [0x00000000db400000,0x00000000db8fc460,0x00000000db900000)
  to   space 5120K, 0% used [0x00000000daf00000,0x00000000daf00000,0x00000000db400000)
 ParOldGen       total 61952K, used 11426K [0x0000000085200000, 0x0000000088e80000, 0x00000000d7100000)
  object space 61952K, 18% used [0x0000000085200000,0x0000000085d288e0,0x0000000088e80000)
 Metaspace       used 24777K, capacity 25226K, committed 25472K, reserved 1071104K
  class space    used 2962K, capacity 3121K, committed 3200K, reserved 1048576K
GC Heap History (10 events):
Event: 0,948 GC heap before
{Heap before GC invocations=1 (full 0):
 PSYoungGen      total 36864K, used 31744K [0x00000000d7100000, 0x00000000d9a00000, 0x0000000100000000)
  eden space 31744K, 100% used [0x00000000d7100000,0x00000000d9000000,0x00000000d9000000)
  from space 5120K, 0% used [0x00000000d9500000,0x00000000d9500000,0x00000000d9a00000)
  to   space 5120K, 0% used [0x00000000d9000000,0x00000000d9000000,0x00000000d9500000)
 ParOldGen       total 84992K, used 0K [0x0000000085200000, 0x000000008a500000, 0x00000000d7100000)
  object space 84992K, 0% used [0x0000000085200000,0x0000000085200000,0x000000008a500000)
 Metaspace       used 10254K, capacity 10428K, committed 10752K, reserved 1058816K
  class space    used 1116K, capacity 1180K, committed 1280K, reserved 1048576K
Event: 0,955 GC heap after
Heap after GC invocations=1 (full 0):
 PSYoungGen      total 36864K, used 5113K [0x00000000d7100000, 0x00000000d9a00000, 0x0000000100000000)
  eden space 31744K, 0% used [0x00000000d7100000,0x00000000d7100000,0x00000000d9000000)
  from space 5120K, 99% used [0x00000000d9000000,0x00000000d94fe770,0x00000000d9500000)
  to   space 5120K, 0% used [0x00000000d9500000,0x00000000d9500000,0x00000000d9a00000)
 ParOldGen       total 84992K, used 2448K [0x0000000085200000, 0x000000008a500000, 0x00000000d7100000)
  object space 84992K, 2% used [0x0000000085200000,0x0000000085464148,0x000000008a500000)
 Metaspace       used 10254K, capacity 10428K, committed 10752K, reserved 1058816K
  class space    used 1116K, capacity 1180K, committed 1280K, reserved 1048576K
}
Event: 1,716 GC heap before
{Heap before GC invocations=2 (full 0):
 PSYoungGen      total 36864K, used 36857K [0x00000000d7100000, 0x00000000d9a00000, 0x0000000100000000)
  eden space 31744K, 100% used [0x00000000d7100000,0x00000000d9000000,0x00000000d9000000)
  from space 5120K, 99% used [0x00000000d9000000,0x00000000d94fe770,0x00000000d9500000)
  to   space 5120K, 0% used [0x00000000d9500000,0x00000000d9500000,0x00000000d9a00000)
 ParOldGen       total 84992K, used 2448K [0x0000000085200000, 0x000000008a500000, 0x00000000d7100000)
  object space 84992K, 2% used [0x0000000085200000,0x0000000085464148,0x000000008a500000)
 Metaspace       used 15771K, capacity 16098K, committed 16384K, reserved 1062912K
  class space    used 1841K, capacity 1945K, committed 2048K, reserved 1048576K
Event: 1,728 GC heap after
Heap after GC invocations=2 (full 0):
 PSYoungGen      total 36864K, used 5104K [0x00000000d7100000, 0x00000000db900000, 0x0000000100000000)
  eden space 31744K, 0% used [0x00000000d7100000,0x00000000d7100000,0x00000000d9000000)
  from space 5120K, 99% used [0x00000000d9500000,0x00000000d99fc010,0x00000000d9a00000)
  to   space 5120K, 0% used [0x00000000d9000000,0x00000000d9000000,0x00000000d9500000)
 ParOldGen       total 84992K, used 7290K [0x0000000085200000, 0x000000008a500000, 0x00000000d7100000)
  object space 84992K, 8% used [0x0000000085200000,0x000000008591eb88,0x000000008a500000)
 Metaspace       used 15771K, capacity 16098K, committed 16384K, reserved 1062912K
  class space    used 1841K, capacity 1945K, committed 2048K, reserved 1048576K
}
Event: 2,171 GC heap before
{Heap before GC invocations=3 (full 0):
 PSYoungGen      total 36864K, used 24708K [0x00000000d7100000, 0x00000000db900000, 0x0000000100000000)
  eden space 31744K, 61% used [0x00000000d7100000,0x00000000d8425008,0x00000000d9000000)
  from space 5120K, 99% used [0x00000000d9500000,0x00000000d99fc010,0x00000000d9a00000)
  to   space 5120K, 0% used [0x00000000d9000000,0x00000000d9000000,0x00000000d9500000)
 ParOldGen       total 84992K, used 7290K [0x0000000085200000, 0x000000008a500000, 0x00000000d7100000)
  object space 84992K, 8% used [0x0000000085200000,0x000000008591eb88,0x000000008a500000)
 Metaspace       used 20713K, capacity 21108K, committed 21296K, reserved 1069056K
  class space    used 2441K, capacity 2590K, committed 2688K, reserved 1048576K
Event: 2,194 GC heap after
Heap after GC invocations=3 (full 0):
 PSYoungGen      total 36864K, used 5104K [0x00000000d7100000, 0x00000000db900000, 0x0000000100000000)
  eden space 31744K, 0% used [0x00000000d7100000,0x00000000d7100000,0x00000000d9000000)
  from space 5120K, 99% used [0x00000000d9000000,0x00000000d94fc030,0x00000000d9500000)
  to   space 5120K, 0% used [0x00000000db400000,0x00000000db400000,0x00000000db900000)
 ParOldGen       total 84992K, used 11666K [0x0000000085200000, 0x000000008a500000, 0x00000000d7100000)
  object space 84992K, 13% used [0x0000000085200000,0x0000000085d64a50,0x000000008a500000)
 Metaspace       used 20713K, capacity 21108K, committed 21296K, reserved 1069056K
  class space    used 2441K, capacity 2590K, committed 2688K, reserved 1048576K
}
Event: 2,194 GC heap before
{Heap before GC invocations=4 (full 1):
 PSYoungGen      total 36864K, used 5104K [0x00000000d7100000, 0x00000000db900000, 0x0000000100000000)
  eden space 31744K, 0% used [0x00000000d7100000,0x00000000d7100000,0x00000000d9000000)
  from space 5120K, 99% used [0x00000000d9000000,0x00000000d94fc030,0x00000000d9500000)
  to   space 5120K, 0% used [0x00000000db400000,0x00000000db400000,0x00000000db900000)
 ParOldGen       total 84992K, used 11666K [0x0000000085200000, 0x000000008a500000, 0x00000000d7100000)
  object space 84992K, 13% used [0x0000000085200000,0x0000000085d64a50,0x000000008a500000)
 Metaspace       used 20713K, capacity 21108K, committed 21296K, reserved 1069056K
  class space    used 2441K, capacity 2590K, committed 2688K, reserved 1048576K
Event: 2,242 GC heap after
Heap after GC invocations=4 (full 1):
 PSYoungGen      total 36864K, used 0K [0x00000000d7100000, 0x00000000db900000, 0x0000000100000000)
  eden space 31744K, 0% used [0x00000000d7100000,0x00000000d7100000,0x00000000d9000000)
  from space 5120K, 0% used [0x00000000d9000000,0x00000000d9000000,0x00000000d9500000)
  to   space 5120K, 0% used [0x00000000db400000,0x00000000db400000,0x00000000db900000)
 ParOldGen       total 61952K, used 9241K [0x0000000085200000, 0x0000000088e80000, 0x00000000d7100000)
  object space 61952K, 14% used [0x0000000085200000,0x0000000085b06630,0x0000000088e80000)
 Metaspace       used 20713K, capacity 21108K, committed 21296K, reserved 1069056K
  class space    used 2441K, capacity 2590K, committed 2688K, reserved 1048576K
}
Event: 2,816 GC heap before
{Heap before GC invocations=5 (full 1):
 PSYoungGen      total 36864K, used 31744K [0x00000000d7100000, 0x00000000db900000, 0x0000000100000000)
  eden space 31744K, 100% used [0x00000000d7100000,0x00000000d9000000,0x00000000d9000000)
  from space 5120K, 0% used [0x00000000d9000000,0x00000000d9000000,0x00000000d9500000)
  to   space 5120K, 0% used [0x00000000db400000,0x00000000db400000,0x00000000db900000)
 ParOldGen       total 61952K, used 9241K [0x0000000085200000, 0x0000000088e80000, 0x00000000d7100000)
  object space 61952K, 14% used [0x0000000085200000,0x0000000085b06630,0x0000000088e80000)
 Metaspace       used 24562K, capacity 25098K, committed 25216K, reserved 1071104K
  class space    used 2944K, capacity 3121K, committed 3200K, reserved 1048576K
Event: 2,834 GC heap after
Heap after GC invocations=5 (full 1):
 PSYoungGen      total 54272K, used 5105K [0x00000000d7100000, 0x00000000db900000, 0x0000000100000000)
  eden space 49152K, 0% used [0x00000000d7100000,0x00000000d7100000,0x00000000da100000)
  from space 5120K, 99% used [0x00000000db400000,0x00000000db8fc460,0x00000000db900000)
  to   space 5120K, 0% used [0x00000000daf00000,0x00000000daf00000,0x00000000db400000)
 ParOldGen       total 61952K, used 11426K [0x0000000085200000, 0x0000000088e80000, 0x00000000d7100000)
  object space 61952K, 18% used [0x0000000085200000,0x0000000085d288e0,0x0000000088e80000)
 Metaspace       used 24562K, capacity 25098K, committed 25216K, reserved 1071104K
  class space    used 2944K, capacity 3121K, committed 3200K, reserved 1048576K
}

